{"/Volumes/external ssd/Project_Files/evening_glory_partners/app/backend/server.js": {"path":"/Volumes/external ssd/Project_Files/evening_glory_partners/app/backend/server.js","statementMap":{"0":{"start":{"line":1,"column":21},"end":{"line":1,"column":45}},"1":{"start":{"line":2,"column":16},"end":{"line":2,"column":34}},"2":{"start":{"line":3,"column":19},"end":{"line":3,"column":41}},"3":{"start":{"line":4,"column":15},"end":{"line":4,"column":32}},"4":{"start":{"line":5,"column":13},"end":{"line":5,"column":28}},"5":{"start":{"line":6,"column":13},"end":{"line":6,"column":28}},"6":{"start":{"line":12,"column":16},"end":{"line":12,"column":41}},"7":{"start":{"line":15,"column":20},"end":{"line":15,"column":52}},"8":{"start":{"line":16,"column":22},"end":{"line":16,"column":54}},"9":{"start":{"line":21,"column":2},"end":{"line":23,"column":3}},"10":{"start":{"line":22,"column":4},"end":{"line":22,"column":33}},"11":{"start":{"line":24,"column":2},"end":{"line":24,"column":16}},"12":{"start":{"line":27,"column":0},"end":{"line":157,"column":2}},"13":{"start":{"line":28,"column":14},"end":{"line":28,"column":23}},"14":{"start":{"line":29,"column":19},"end":{"line":29,"column":40}},"15":{"start":{"line":34,"column":2},"end":{"line":34,"column":53}},"16":{"start":{"line":40,"column":2},"end":{"line":44,"column":5}},"17":{"start":{"line":46,"column":2},"end":{"line":46,"column":61}},"18":{"start":{"line":49,"column":2},"end":{"line":67,"column":4}},"19":{"start":{"line":70,"column":2},"end":{"line":70,"column":25}},"20":{"start":{"line":73,"column":2},"end":{"line":73,"column":26}},"21":{"start":{"line":74,"column":2},"end":{"line":74,"column":51}},"22":{"start":{"line":75,"column":2},"end":{"line":75,"column":26}},"23":{"start":{"line":77,"column":2},"end":{"line":77,"column":33}},"24":{"start":{"line":78,"column":2},"end":{"line":78,"column":30}},"25":{"start":{"line":83,"column":2},"end":{"line":88,"column":5}},"26":{"start":{"line":84,"column":4},"end":{"line":85,"column":58}},"27":{"start":{"line":86,"column":4},"end":{"line":86,"column":31}},"28":{"start":{"line":87,"column":4},"end":{"line":87,"column":18}},"29":{"start":{"line":95,"column":2},"end":{"line":119,"column":5}},"30":{"start":{"line":98,"column":4},"end":{"line":100,"column":5}},"31":{"start":{"line":99,"column":6},"end":{"line":99,"column":32}},"32":{"start":{"line":104,"column":4},"end":{"line":104,"column":30}},"33":{"start":{"line":105,"column":4},"end":{"line":105,"column":37}},"34":{"start":{"line":106,"column":4},"end":{"line":106,"column":28}},"35":{"start":{"line":107,"column":4},"end":{"line":112,"column":5}},"36":{"start":{"line":108,"column":4},"end":{"line":108,"column":133}},"37":{"start":{"line":111,"column":6},"end":{"line":111,"column":67}},"38":{"start":{"line":117,"column":4},"end":{"line":117,"column":47}},"39":{"start":{"line":118,"column":4},"end":{"line":118,"column":18}},"40":{"start":{"line":122,"column":2},"end":{"line":122,"column":40}},"41":{"start":{"line":124,"column":2},"end":{"line":128,"column":5}},"42":{"start":{"line":125,"column":16},"end":{"line":125,"column":38}},"43":{"start":{"line":126,"column":4},"end":{"line":126,"column":21}},"44":{"start":{"line":127,"column":4},"end":{"line":127,"column":14}},"45":{"start":{"line":131,"column":2},"end":{"line":131,"column":25}},"46":{"start":{"line":134,"column":2},"end":{"line":136,"column":5}},"47":{"start":{"line":135,"column":4},"end":{"line":135,"column":26}},"48":{"start":{"line":139,"column":2},"end":{"line":154,"column":5}},"49":{"start":{"line":141,"column":4},"end":{"line":141,"column":24}},"50":{"start":{"line":142,"column":4},"end":{"line":142,"column":37}},"51":{"start":{"line":143,"column":4},"end":{"line":148,"column":9}},"52":{"start":{"line":144,"column":6},"end":{"line":144,"column":126}},"53":{"start":{"line":147,"column":4},"end":{"line":147,"column":56}},"54":{"start":{"line":149,"column":4},"end":{"line":149,"column":71}},"55":{"start":{"line":152,"column":4},"end":{"line":152,"column":34}},"56":{"start":{"line":153,"column":4},"end":{"line":153,"column":24}},"57":{"start":{"line":156,"column":2},"end":{"line":156,"column":13}}},"fnMap":{"0":{"name":"ignoreFavicon","decl":{"start":{"line":20,"column":9},"end":{"line":20,"column":22}},"loc":{"start":{"line":20,"column":39},"end":{"line":25,"column":1}},"line":20},"1":{"name":"(anonymous_1)","decl":{"start":{"line":27,"column":17},"end":{"line":27,"column":18}},"loc":{"start":{"line":27,"column":29},"end":{"line":157,"column":1}},"line":27},"2":{"name":"(anonymous_2)","decl":{"start":{"line":83,"column":10},"end":{"line":83,"column":11}},"loc":{"start":{"line":83,"column":36},"end":{"line":88,"column":3}},"line":83},"3":{"name":"(anonymous_3)","decl":{"start":{"line":95,"column":10},"end":{"line":95,"column":11}},"loc":{"start":{"line":95,"column":36},"end":{"line":119,"column":3}},"line":95},"4":{"name":"(anonymous_4)","decl":{"start":{"line":124,"column":10},"end":{"line":124,"column":11}},"loc":{"start":{"line":124,"column":35},"end":{"line":128,"column":3}},"line":124},"5":{"name":"(anonymous_5)","decl":{"start":{"line":134,"column":10},"end":{"line":134,"column":11}},"loc":{"start":{"line":134,"column":30},"end":{"line":136,"column":3}},"line":134},"6":{"name":"(anonymous_6)","decl":{"start":{"line":139,"column":10},"end":{"line":139,"column":11}},"loc":{"start":{"line":139,"column":29},"end":{"line":154,"column":3}},"line":139}},"branchMap":{"0":{"loc":{"start":{"line":21,"column":2},"end":{"line":23,"column":3}},"type":"if","locations":[{"start":{"line":21,"column":2},"end":{"line":23,"column":3}},{"start":{},"end":{}}],"line":21},"1":{"loc":{"start":{"line":85,"column":6},"end":{"line":85,"column":57}},"type":"binary-expr","locations":[{"start":{"line":85,"column":6},"end":{"line":85,"column":28}},{"start":{"line":85,"column":32},"end":{"line":85,"column":57}}],"line":85},"2":{"loc":{"start":{"line":98,"column":4},"end":{"line":100,"column":5}},"type":"if","locations":[{"start":{"line":98,"column":4},"end":{"line":100,"column":5}},{"start":{},"end":{}}],"line":98},"3":{"loc":{"start":{"line":107,"column":4},"end":{"line":112,"column":5}},"type":"if","locations":[{"start":{"line":107,"column":4},"end":{"line":112,"column":5}},{"start":{"line":110,"column":8},"end":{"line":112,"column":5}}],"line":107},"4":{"loc":{"start":{"line":143,"column":4},"end":{"line":148,"column":9}},"type":"if","locations":[{"start":{"line":143,"column":4},"end":{"line":148,"column":9}},{"start":{"line":146,"column":13},"end":{"line":148,"column":9}}],"line":143},"5":{"loc":{"start":{"line":149,"column":23},"end":{"line":149,"column":70}},"type":"cond-expr","locations":[{"start":{"line":149,"column":62},"end":{"line":149,"column":65}},{"start":{"line":149,"column":68},"end":{"line":149,"column":70}}],"line":149},"6":{"loc":{"start":{"line":152,"column":15},"end":{"line":152,"column":32}},"type":"binary-expr","locations":[{"start":{"line":152,"column":15},"end":{"line":152,"column":25}},{"start":{"line":152,"column":29},"end":{"line":152,"column":32}}],"line":152}},"s":{"0":2,"1":2,"2":2,"3":2,"4":2,"5":2,"6":2,"7":2,"8":2,"9":0,"10":0,"11":0,"12":2,"13":2,"14":2,"15":2,"16":0,"17":0,"18":0,"19":0,"20":0,"21":0,"22":0,"23":0,"24":0,"25":0,"26":0,"27":0,"28":0,"29":0,"30":0,"31":0,"32":0,"33":0,"34":0,"35":0,"36":0,"37":0,"38":0,"39":0,"40":0,"41":0,"42":0,"43":0,"44":0,"45":0,"46":0,"47":0,"48":0,"49":0,"50":0,"51":0,"52":0,"53":0,"54":0,"55":0,"56":0,"57":0},"f":{"0":0,"1":2,"2":0,"3":0,"4":0,"5":0,"6":0},"b":{"0":[0,0],"1":[0,0],"2":[0,0],"3":[0,0],"4":[0,0],"5":[0,0],"6":[0,0]},"_coverageSchema":"1a1c01bbd47fc00a2c39e90264f33305004495a9","hash":"5878061a8e9cdb3baa7d41d4c0a1f4538e38c485"}
,"/Volumes/external ssd/Project_Files/evening_glory_partners/app/backend/server/sendEmail.js": {"path":"/Volumes/external ssd/Project_Files/evening_glory_partners/app/backend/server/sendEmail.js","statementMap":{"0":{"start":{"line":1,"column":17},"end":{"line":1,"column":42}},"1":{"start":{"line":2,"column":0},"end":{"line":2,"column":49}},"2":{"start":{"line":4,"column":18},"end":{"line":7,"column":1}},"3":{"start":{"line":5,"column":16},"end":{"line":5,"column":49}},"4":{"start":{"line":6,"column":4},"end":{"line":6,"column":30}},"5":{"start":{"line":9,"column":0},"end":{"line":9,"column":27}}},"fnMap":{"0":{"name":"(anonymous_0)","decl":{"start":{"line":4,"column":18},"end":{"line":4,"column":19}},"loc":{"start":{"line":4,"column":57},"end":{"line":7,"column":1}},"line":4}},"branchMap":{},"s":{"0":2,"1":2,"2":2,"3":0,"4":0,"5":2},"f":{"0":0},"b":{},"_coverageSchema":"1a1c01bbd47fc00a2c39e90264f33305004495a9","hash":"3e5df85f34a09fbf13dec6946d5945e2dbffe754"}
,"/Volumes/external ssd/Project_Files/evening_glory_partners/app/backend/server/lib/passport/index.js": {"path":"/Volumes/external ssd/Project_Files/evening_glory_partners/app/backend/server/lib/passport/index.js","statementMap":{"0":{"start":{"line":1,"column":17},"end":{"line":1,"column":36}},"1":{"start":{"line":2,"column":20},"end":{"line":2,"column":43}},"2":{"start":{"line":4,"column":23},"end":{"line":4,"column":58}},"3":{"start":{"line":5,"column":22},"end":{"line":5,"column":56}},"4":{"start":{"line":6,"column":23},"end":{"line":6,"column":59}},"5":{"start":{"line":9,"column":20},"end":{"line":9,"column":57}},"6":{"start":{"line":11,"column":20},"end":{"line":11,"column":40}},"7":{"start":{"line":12,"column":19},"end":{"line":12,"column":41}},"8":{"start":{"line":18,"column":0},"end":{"line":175,"column":2}},"9":{"start":{"line":19,"column":2},"end":{"line":75,"column":4}},"10":{"start":{"line":25,"column":8},"end":{"line":72,"column":9}},"11":{"start":{"line":26,"column":10},"end":{"line":26,"column":31}},"12":{"start":{"line":27,"column":23},"end":{"line":27,"column":74}},"13":{"start":{"line":28,"column":10},"end":{"line":39,"column":11}},"14":{"start":{"line":29,"column":28},"end":{"line":31,"column":14}},"15":{"start":{"line":30,"column":14},"end":{"line":30,"column":70}},"16":{"start":{"line":32,"column":12},"end":{"line":37,"column":11}},"17":{"start":{"line":33,"column":12},"end":{"line":36,"column":15}},"18":{"start":{"line":38,"column":12},"end":{"line":38,"column":37}},"19":{"start":{"line":41,"column":10},"end":{"line":53,"column":11}},"20":{"start":{"line":42,"column":28},"end":{"line":44,"column":14}},"21":{"start":{"line":43,"column":14},"end":{"line":43,"column":74}},"22":{"start":{"line":45,"column":12},"end":{"line":50,"column":11}},"23":{"start":{"line":46,"column":12},"end":{"line":49,"column":15}},"24":{"start":{"line":52,"column":12},"end":{"line":52,"column":37}},"25":{"start":{"line":54,"column":26},"end":{"line":54,"column":71}},"26":{"start":{"line":55,"column":10},"end":{"line":67,"column":11}},"27":{"start":{"line":56,"column":28},"end":{"line":58,"column":14}},"28":{"start":{"line":57,"column":14},"end":{"line":57,"column":70}},"29":{"start":{"line":59,"column":12},"end":{"line":64,"column":11}},"30":{"start":{"line":60,"column":12},"end":{"line":63,"column":15}},"31":{"start":{"line":66,"column":12},"end":{"line":66,"column":37}},"32":{"start":{"line":69,"column":10},"end":{"line":69,"column":34}},"33":{"start":{"line":71,"column":10},"end":{"line":71,"column":27}},"34":{"start":{"line":77,"column":2},"end":{"line":134,"column":4}},"35":{"start":{"line":88,"column":2},"end":{"line":131,"column":3}},"36":{"start":{"line":89,"column":4},"end":{"line":89,"column":25}},"37":{"start":{"line":90,"column":4},"end":{"line":90,"column":31}},"38":{"start":{"line":91,"column":17},"end":{"line":91,"column":62}},"39":{"start":{"line":92,"column":4},"end":{"line":92,"column":24}},"40":{"start":{"line":93,"column":4},"end":{"line":93,"column":21}},"41":{"start":{"line":94,"column":4},"end":{"line":108,"column":5}},"42":{"start":{"line":95,"column":3},"end":{"line":95,"column":27}},"43":{"start":{"line":96,"column":24},"end":{"line":98,"column":10}},"44":{"start":{"line":97,"column":10},"end":{"line":97,"column":63}},"45":{"start":{"line":99,"column":8},"end":{"line":105,"column":4}},"46":{"start":{"line":100,"column":10},"end":{"line":100,"column":38}},"47":{"start":{"line":101,"column":6},"end":{"line":104,"column":9}},"48":{"start":{"line":107,"column":6},"end":{"line":107,"column":50}},"49":{"start":{"line":111,"column":20},"end":{"line":111,"column":65}},"50":{"start":{"line":112,"column":4},"end":{"line":125,"column":5}},"51":{"start":{"line":113,"column":22},"end":{"line":115,"column":8}},"52":{"start":{"line":114,"column":8},"end":{"line":114,"column":61}},"53":{"start":{"line":117,"column":6},"end":{"line":122,"column":5}},"54":{"start":{"line":118,"column":6},"end":{"line":121,"column":9}},"55":{"start":{"line":124,"column":6},"end":{"line":124,"column":51}},"56":{"start":{"line":128,"column":10},"end":{"line":128,"column":34}},"57":{"start":{"line":130,"column":4},"end":{"line":130,"column":21}},"58":{"start":{"line":136,"column":2},"end":{"line":158,"column":4}},"59":{"start":{"line":143,"column":4},"end":{"line":143,"column":29}},"60":{"start":{"line":144,"column":4},"end":{"line":144,"column":27}},"61":{"start":{"line":145,"column":8},"end":{"line":155,"column":9}},"62":{"start":{"line":147,"column":23},"end":{"line":147,"column":68}},"63":{"start":{"line":148,"column":10},"end":{"line":148,"column":30}},"64":{"start":{"line":149,"column":10},"end":{"line":149,"column":27}},"65":{"start":{"line":150,"column":10},"end":{"line":150,"column":34}},"66":{"start":{"line":152,"column":10},"end":{"line":152,"column":29}},"67":{"start":{"line":153,"column":10},"end":{"line":153,"column":26}},"68":{"start":{"line":154,"column":10},"end":{"line":154,"column":27}},"69":{"start":{"line":162,"column":2},"end":{"line":164,"column":5}},"70":{"start":{"line":163,"column":4},"end":{"line":163,"column":24}},"71":{"start":{"line":166,"column":2},"end":{"line":173,"column":5}},"72":{"start":{"line":167,"column":4},"end":{"line":172,"column":5}},"73":{"start":{"line":168,"column":19},"end":{"line":168,"column":49}},"74":{"start":{"line":169,"column":6},"end":{"line":169,"column":30}},"75":{"start":{"line":171,"column":6},"end":{"line":171,"column":23}},"76":{"start":{"line":174,"column":2},"end":{"line":174,"column":18}}},"fnMap":{"0":{"name":"(anonymous_0)","decl":{"start":{"line":18,"column":17},"end":{"line":18,"column":18}},"loc":{"start":{"line":18,"column":29},"end":{"line":175,"column":1}},"line":18},"1":{"name":"(anonymous_1)","decl":{"start":{"line":24,"column":6},"end":{"line":24,"column":7}},"loc":{"start":{"line":24,"column":47},"end":{"line":73,"column":7}},"line":24},"2":{"name":"(anonymous_2)","decl":{"start":{"line":29,"column":54},"end":{"line":29,"column":55}},"loc":{"start":{"line":29,"column":67},"end":{"line":31,"column":13}},"line":29},"3":{"name":"(anonymous_3)","decl":{"start":{"line":42,"column":54},"end":{"line":42,"column":55}},"loc":{"start":{"line":42,"column":67},"end":{"line":44,"column":13}},"line":42},"4":{"name":"(anonymous_4)","decl":{"start":{"line":56,"column":54},"end":{"line":56,"column":55}},"loc":{"start":{"line":56,"column":67},"end":{"line":58,"column":13}},"line":56},"5":{"name":"(anonymous_5)","decl":{"start":{"line":86,"column":4},"end":{"line":86,"column":5}},"loc":{"start":{"line":86,"column":45},"end":{"line":132,"column":1}},"line":86},"6":{"name":"(anonymous_6)","decl":{"start":{"line":96,"column":50},"end":{"line":96,"column":51}},"loc":{"start":{"line":96,"column":63},"end":{"line":98,"column":9}},"line":96},"7":{"name":"(anonymous_7)","decl":{"start":{"line":113,"column":48},"end":{"line":113,"column":49}},"loc":{"start":{"line":113,"column":61},"end":{"line":115,"column":7}},"line":113},"8":{"name":"(anonymous_8)","decl":{"start":{"line":142,"column":6},"end":{"line":142,"column":7}},"loc":{"start":{"line":142,"column":34},"end":{"line":156,"column":7}},"line":142},"9":{"name":"(anonymous_9)","decl":{"start":{"line":162,"column":25},"end":{"line":162,"column":26}},"loc":{"start":{"line":162,"column":41},"end":{"line":164,"column":3}},"line":162},"10":{"name":"(anonymous_10)","decl":{"start":{"line":166,"column":27},"end":{"line":166,"column":28}},"loc":{"start":{"line":166,"column":47},"end":{"line":173,"column":3}},"line":166}},"branchMap":{"0":{"loc":{"start":{"line":28,"column":10},"end":{"line":39,"column":11}},"type":"if","locations":[{"start":{"line":28,"column":10},"end":{"line":39,"column":11}},{"start":{},"end":{}}],"line":28},"1":{"loc":{"start":{"line":28,"column":14},"end":{"line":28,"column":44}},"type":"binary-expr","locations":[{"start":{"line":28,"column":14},"end":{"line":28,"column":19}},{"start":{"line":28,"column":23},"end":{"line":28,"column":44}}],"line":28},"2":{"loc":{"start":{"line":32,"column":12},"end":{"line":37,"column":11}},"type":"if","locations":[{"start":{"line":32,"column":12},"end":{"line":37,"column":11}},{"start":{},"end":{}}],"line":32},"3":{"loc":{"start":{"line":41,"column":10},"end":{"line":53,"column":11}},"type":"if","locations":[{"start":{"line":41,"column":10},"end":{"line":53,"column":11}},{"start":{},"end":{}}],"line":41},"4":{"loc":{"start":{"line":41,"column":14},"end":{"line":41,"column":36}},"type":"binary-expr","locations":[{"start":{"line":41,"column":14},"end":{"line":41,"column":18}},{"start":{"line":41,"column":22},"end":{"line":41,"column":36}}],"line":41},"5":{"loc":{"start":{"line":45,"column":12},"end":{"line":50,"column":11}},"type":"if","locations":[{"start":{"line":45,"column":12},"end":{"line":50,"column":11}},{"start":{},"end":{}}],"line":45},"6":{"loc":{"start":{"line":55,"column":10},"end":{"line":67,"column":11}},"type":"if","locations":[{"start":{"line":55,"column":10},"end":{"line":67,"column":11}},{"start":{},"end":{}}],"line":55},"7":{"loc":{"start":{"line":59,"column":12},"end":{"line":64,"column":11}},"type":"if","locations":[{"start":{"line":59,"column":12},"end":{"line":64,"column":11}},{"start":{},"end":{}}],"line":59},"8":{"loc":{"start":{"line":94,"column":4},"end":{"line":108,"column":5}},"type":"if","locations":[{"start":{"line":94,"column":4},"end":{"line":108,"column":5}},{"start":{},"end":{}}],"line":94},"9":{"loc":{"start":{"line":94,"column":8},"end":{"line":94,"column":40}},"type":"binary-expr","locations":[{"start":{"line":94,"column":8},"end":{"line":94,"column":13}},{"start":{"line":94,"column":18},"end":{"line":94,"column":40}}],"line":94},"10":{"loc":{"start":{"line":99,"column":8},"end":{"line":105,"column":4}},"type":"if","locations":[{"start":{"line":99,"column":8},"end":{"line":105,"column":4}},{"start":{},"end":{}}],"line":99},"11":{"loc":{"start":{"line":112,"column":4},"end":{"line":125,"column":5}},"type":"if","locations":[{"start":{"line":112,"column":4},"end":{"line":125,"column":5}},{"start":{},"end":{}}],"line":112},"12":{"loc":{"start":{"line":112,"column":8},"end":{"line":112,"column":42}},"type":"binary-expr","locations":[{"start":{"line":112,"column":8},"end":{"line":112,"column":16}},{"start":{"line":112,"column":20},"end":{"line":112,"column":42}}],"line":112},"13":{"loc":{"start":{"line":117,"column":6},"end":{"line":122,"column":5}},"type":"if","locations":[{"start":{"line":117,"column":6},"end":{"line":122,"column":5}},{"start":{},"end":{}}],"line":117}},"s":{"0":2,"1":2,"2":2,"3":2,"4":2,"5":2,"6":2,"7":2,"8":2,"9":2,"10":0,"11":0,"12":0,"13":0,"14":0,"15":0,"16":0,"17":0,"18":0,"19":0,"20":0,"21":0,"22":0,"23":0,"24":0,"25":0,"26":0,"27":0,"28":0,"29":0,"30":0,"31":0,"32":0,"33":0,"34":2,"35":0,"36":0,"37":0,"38":0,"39":0,"40":0,"41":0,"42":0,"43":0,"44":0,"45":0,"46":0,"47":0,"48":0,"49":0,"50":0,"51":0,"52":0,"53":0,"54":0,"55":0,"56":0,"57":0,"58":2,"59":0,"60":0,"61":0,"62":0,"63":0,"64":0,"65":0,"66":0,"67":0,"68":0,"69":2,"70":0,"71":2,"72":0,"73":0,"74":0,"75":0,"76":2},"f":{"0":2,"1":0,"2":0,"3":0,"4":0,"5":0,"6":0,"7":0,"8":0,"9":0,"10":0},"b":{"0":[0,0],"1":[0,0],"2":[0,0],"3":[0,0],"4":[0,0],"5":[0,0],"6":[0,0],"7":[0,0],"8":[0,0],"9":[0,0],"10":[0,0],"11":[0,0],"12":[0,0],"13":[0,0]},"_coverageSchema":"1a1c01bbd47fc00a2c39e90264f33305004495a9","hash":"e689bb4199385e04c5a882b4b4b00515da5095ff"}
,"/Volumes/external ssd/Project_Files/evening_glory_partners/app/backend/server/middlewares/validation.js": {"path":"/Volumes/external ssd/Project_Files/evening_glory_partners/app/backend/server/middlewares/validation.js","statementMap":{"0":{"start":{"line":1,"column":35},"end":{"line":1,"column":63}},"1":{"start":{"line":3,"column":0},"end":{"line":6,"column":69}},"2":{"start":{"line":8,"column":0},"end":{"line":15,"column":40}},"3":{"start":{"line":10,"column":4},"end":{"line":12,"column":5}},"4":{"start":{"line":11,"column":6},"end":{"line":11,"column":19}},"5":{"start":{"line":13,"column":4},"end":{"line":13,"column":16}},"6":{"start":{"line":17,"column":0},"end":{"line":20,"column":54}},"7":{"start":{"line":22,"column":0},"end":{"line":25,"column":69}},"8":{"start":{"line":27,"column":0},"end":{"line":27,"column":51}}},"fnMap":{"0":{"name":"(anonymous_0)","decl":{"start":{"line":9,"column":10},"end":{"line":9,"column":11}},"loc":{"start":{"line":9,"column":30},"end":{"line":14,"column":3}},"line":9}},"branchMap":{"0":{"loc":{"start":{"line":10,"column":4},"end":{"line":12,"column":5}},"type":"if","locations":[{"start":{"line":10,"column":4},"end":{"line":12,"column":5}},{"start":{},"end":{}}],"line":10}},"s":{"0":2,"1":2,"2":2,"3":0,"4":0,"5":0,"6":2,"7":2,"8":2},"f":{"0":0},"b":{"0":[0,0]},"_coverageSchema":"1a1c01bbd47fc00a2c39e90264f33305004495a9","hash":"215de3e1be055a2b56cc1f59302245e93f1bdba0"}
,"/Volumes/external ssd/Project_Files/evening_glory_partners/app/backend/server/models/MessageModel.js": {"path":"/Volumes/external ssd/Project_Files/evening_glory_partners/app/backend/server/models/MessageModel.js","statementMap":{"0":{"start":{"line":2,"column":17},"end":{"line":2,"column":36}},"1":{"start":{"line":3,"column":15},"end":{"line":3,"column":32}},"2":{"start":{"line":4,"column":15},"end":{"line":4,"column":32}},"3":{"start":{"line":6,"column":22},"end":{"line":21,"column":2}},"4":{"start":{"line":23,"column":0},"end":{"line":23,"column":58}}},"fnMap":{},"branchMap":{},"s":{"0":2,"1":2,"2":2,"3":2,"4":2},"f":{},"b":{},"_coverageSchema":"1a1c01bbd47fc00a2c39e90264f33305004495a9","hash":"41b0c8b74db8b0a05ca666d293baca5be2a2f665"}
,"/Volumes/external ssd/Project_Files/evening_glory_partners/app/backend/server/models/ResetTokenModel.js": {"path":"/Volumes/external ssd/Project_Files/evening_glory_partners/app/backend/server/models/ResetTokenModel.js","statementMap":{"0":{"start":{"line":1,"column":17},"end":{"line":1,"column":36}},"1":{"start":{"line":2,"column":15},"end":{"line":2,"column":32}},"2":{"start":{"line":4,"column":25},"end":{"line":22,"column":1}},"3":{"start":{"line":16,"column":21},"end":{"line":16,"column":59}},"4":{"start":{"line":24,"column":0},"end":{"line":24,"column":71}},"5":{"start":{"line":25,"column":0},"end":{"line":25,"column":64}}},"fnMap":{"0":{"name":"(anonymous_0)","decl":{"start":{"line":16,"column":15},"end":{"line":16,"column":16}},"loc":{"start":{"line":16,"column":21},"end":{"line":16,"column":59}},"line":16}},"branchMap":{},"s":{"0":2,"1":2,"2":2,"3":0,"4":2,"5":2},"f":{"0":0},"b":{},"_coverageSchema":"1a1c01bbd47fc00a2c39e90264f33305004495a9","hash":"fcb114fda10e708ad21e674244d651ec29792ee9"}
,"/Volumes/external ssd/Project_Files/evening_glory_partners/app/backend/server/models/UserModel.js": {"path":"/Volumes/external ssd/Project_Files/evening_glory_partners/app/backend/server/models/UserModel.js","statementMap":{"0":{"start":{"line":2,"column":17},"end":{"line":2,"column":36}},"1":{"start":{"line":3,"column":15},"end":{"line":3,"column":32}},"2":{"start":{"line":4,"column":15},"end":{"line":4,"column":32}},"3":{"start":{"line":7,"column":19},"end":{"line":82,"column":1}},"4":{"start":{"line":66,"column":21},"end":{"line":66,"column":59}},"5":{"start":{"line":84,"column":0},"end":{"line":87,"column":3}},"6":{"start":{"line":90,"column":2},"end":{"line":90,"column":35}},"7":{"start":{"line":93,"column":0},"end":{"line":106,"column":3}},"8":{"start":{"line":94,"column":15},"end":{"line":94,"column":19}},"9":{"start":{"line":95,"column":2},"end":{"line":104,"column":3}},"10":{"start":{"line":96,"column":4},"end":{"line":103,"column":9}},"11":{"start":{"line":98,"column":8},"end":{"line":98,"column":29}},"12":{"start":{"line":99,"column":8},"end":{"line":99,"column":22}},"13":{"start":{"line":102,"column":8},"end":{"line":102,"column":27}},"14":{"start":{"line":105,"column":2},"end":{"line":105,"column":16}},"15":{"start":{"line":108,"column":0},"end":{"line":121,"column":3}},"16":{"start":{"line":109,"column":15},"end":{"line":109,"column":19}},"17":{"start":{"line":110,"column":2},"end":{"line":119,"column":3}},"18":{"start":{"line":111,"column":4},"end":{"line":118,"column":9}},"19":{"start":{"line":113,"column":8},"end":{"line":113,"column":29}},"20":{"start":{"line":114,"column":8},"end":{"line":114,"column":22}},"21":{"start":{"line":117,"column":8},"end":{"line":117,"column":27}},"22":{"start":{"line":120,"column":2},"end":{"line":120,"column":16}},"23":{"start":{"line":123,"column":0},"end":{"line":127,"column":2}},"24":{"start":{"line":126,"column":2},"end":{"line":126,"column":58}},"25":{"start":{"line":130,"column":0},"end":{"line":130,"column":52}}},"fnMap":{"0":{"name":"(anonymous_0)","decl":{"start":{"line":66,"column":15},"end":{"line":66,"column":16}},"loc":{"start":{"line":66,"column":21},"end":{"line":66,"column":59}},"line":66},"1":{"name":"generateHash","decl":{"start":{"line":89,"column":15},"end":{"line":89,"column":27}},"loc":{"start":{"line":89,"column":38},"end":{"line":91,"column":1}},"line":89},"2":{"name":"preSave","decl":{"start":{"line":93,"column":32},"end":{"line":93,"column":39}},"loc":{"start":{"line":93,"column":46},"end":{"line":106,"column":1}},"line":93},"3":{"name":"(anonymous_3)","decl":{"start":{"line":97,"column":12},"end":{"line":97,"column":13}},"loc":{"start":{"line":97,"column":22},"end":{"line":100,"column":7}},"line":97},"4":{"name":"(anonymous_4)","decl":{"start":{"line":101,"column":13},"end":{"line":101,"column":14}},"loc":{"start":{"line":101,"column":24},"end":{"line":103,"column":7}},"line":101},"5":{"name":"preSave","decl":{"start":{"line":108,"column":34},"end":{"line":108,"column":41}},"loc":{"start":{"line":108,"column":48},"end":{"line":121,"column":1}},"line":108},"6":{"name":"(anonymous_6)","decl":{"start":{"line":112,"column":12},"end":{"line":112,"column":13}},"loc":{"start":{"line":112,"column":22},"end":{"line":115,"column":7}},"line":112},"7":{"name":"(anonymous_7)","decl":{"start":{"line":116,"column":13},"end":{"line":116,"column":14}},"loc":{"start":{"line":116,"column":24},"end":{"line":118,"column":7}},"line":116},"8":{"name":"comparePassword","decl":{"start":{"line":123,"column":52},"end":{"line":123,"column":67}},"loc":{"start":{"line":125,"column":2},"end":{"line":127,"column":1}},"line":125}},"branchMap":{"0":{"loc":{"start":{"line":95,"column":2},"end":{"line":104,"column":3}},"type":"if","locations":[{"start":{"line":95,"column":2},"end":{"line":104,"column":3}},{"start":{},"end":{}}],"line":95},"1":{"loc":{"start":{"line":110,"column":2},"end":{"line":119,"column":3}},"type":"if","locations":[{"start":{"line":110,"column":2},"end":{"line":119,"column":3}},{"start":{},"end":{}}],"line":110}},"s":{"0":2,"1":2,"2":2,"3":2,"4":0,"5":2,"6":0,"7":2,"8":0,"9":0,"10":0,"11":0,"12":0,"13":0,"14":0,"15":2,"16":0,"17":0,"18":0,"19":0,"20":0,"21":0,"22":0,"23":2,"24":0,"25":2},"f":{"0":0,"1":0,"2":0,"3":0,"4":0,"5":0,"6":0,"7":0,"8":0},"b":{"0":[0,0],"1":[0,0]},"_coverageSchema":"1a1c01bbd47fc00a2c39e90264f33305004495a9","hash":"34c4fddcd8bd26bb9737fe8fecfb5f0b562d6b3e"}
,"/Volumes/external ssd/Project_Files/evening_glory_partners/app/backend/server/routes/index.js": {"path":"/Volumes/external ssd/Project_Files/evening_glory_partners/app/backend/server/routes/index.js","statementMap":{"0":{"start":{"line":1,"column":19},"end":{"line":1,"column":37}},"1":{"start":{"line":3,"column":27},"end":{"line":3,"column":58}},"2":{"start":{"line":5,"column":13},"end":{"line":5,"column":28}},"3":{"start":{"line":6,"column":19},"end":{"line":6,"column":36}},"4":{"start":{"line":7,"column":18},"end":{"line":7,"column":39}},"5":{"start":{"line":8,"column":20},"end":{"line":8,"column":38}},"6":{"start":{"line":9,"column":25},"end":{"line":9,"column":48}},"7":{"start":{"line":11,"column":15},"end":{"line":11,"column":23}},"8":{"start":{"line":16,"column":0},"end":{"line":37,"column":2}},"9":{"start":{"line":18,"column":2},"end":{"line":20,"column":5}},"10":{"start":{"line":19,"column":4},"end":{"line":19,"column":43}},"11":{"start":{"line":22,"column":2},"end":{"line":24,"column":5}},"12":{"start":{"line":23,"column":4},"end":{"line":23,"column":51}},"13":{"start":{"line":28,"column":2},"end":{"line":28,"column":44}},"14":{"start":{"line":29,"column":2},"end":{"line":29,"column":42}},"15":{"start":{"line":30,"column":2},"end":{"line":30,"column":54}},"16":{"start":{"line":33,"column":2},"end":{"line":33,"column":53}},"17":{"start":{"line":36,"column":2},"end":{"line":36,"column":16}}},"fnMap":{"0":{"name":"(anonymous_0)","decl":{"start":{"line":16,"column":17},"end":{"line":16,"column":18}},"loc":{"start":{"line":16,"column":29},"end":{"line":37,"column":1}},"line":16},"1":{"name":"(anonymous_1)","decl":{"start":{"line":18,"column":18},"end":{"line":18,"column":19}},"loc":{"start":{"line":18,"column":32},"end":{"line":20,"column":3}},"line":18},"2":{"name":"(anonymous_2)","decl":{"start":{"line":22,"column":58},"end":{"line":22,"column":59}},"loc":{"start":{"line":22,"column":72},"end":{"line":24,"column":3}},"line":22}},"branchMap":{},"s":{"0":2,"1":2,"2":2,"3":2,"4":2,"5":2,"6":2,"7":2,"8":2,"9":0,"10":0,"11":0,"12":0,"13":0,"14":0,"15":0,"16":0,"17":0},"f":{"0":0,"1":0,"2":0},"b":{},"_coverageSchema":"1a1c01bbd47fc00a2c39e90264f33305004495a9","hash":"3962eaaa718d74bb67463853f21b11923b68a7aa"}
,"/Volumes/external ssd/Project_Files/evening_glory_partners/app/backend/server/routes/auth/index.js": {"path":"/Volumes/external ssd/Project_Files/evening_glory_partners/app/backend/server/routes/auth/index.js","statementMap":{"0":{"start":{"line":1,"column":19},"end":{"line":1,"column":37}},"1":{"start":{"line":3,"column":27},"end":{"line":3,"column":52}},"2":{"start":{"line":4,"column":20},"end":{"line":4,"column":38}},"3":{"start":{"line":5,"column":27},"end":{"line":5,"column":52}},"4":{"start":{"line":6,"column":23},"end":{"line":6,"column":44}},"5":{"start":{"line":7,"column":28},"end":{"line":7,"column":54}},"6":{"start":{"line":9,"column":15},"end":{"line":9,"column":23}},"7":{"start":{"line":11,"column":0},"end":{"line":18,"column":2}},"8":{"start":{"line":12,"column":2},"end":{"line":12,"column":41}},"9":{"start":{"line":13,"column":2},"end":{"line":13,"column":34}},"10":{"start":{"line":14,"column":2},"end":{"line":14,"column":37}},"11":{"start":{"line":15,"column":2},"end":{"line":15,"column":41}},"12":{"start":{"line":16,"column":2},"end":{"line":16,"column":42}},"13":{"start":{"line":17,"column":2},"end":{"line":17,"column":16}}},"fnMap":{"0":{"name":"(anonymous_0)","decl":{"start":{"line":11,"column":17},"end":{"line":11,"column":18}},"loc":{"start":{"line":11,"column":29},"end":{"line":18,"column":1}},"line":11}},"branchMap":{},"s":{"0":2,"1":2,"2":2,"3":2,"4":2,"5":2,"6":2,"7":2,"8":0,"9":0,"10":0,"11":0,"12":0,"13":0},"f":{"0":0},"b":{},"_coverageSchema":"1a1c01bbd47fc00a2c39e90264f33305004495a9","hash":"5f5cdcf55c876706efe374f58229054a24484980"}
,"/Volumes/external ssd/Project_Files/evening_glory_partners/app/backend/server/routes/auth/login.js": {"path":"/Volumes/external ssd/Project_Files/evening_glory_partners/app/backend/server/routes/auth/login.js","statementMap":{"0":{"start":{"line":1,"column":19},"end":{"line":1,"column":37}},"1":{"start":{"line":2,"column":17},"end":{"line":2,"column":36}},"2":{"start":{"line":3,"column":12},"end":{"line":3,"column":35}},"3":{"start":{"line":5,"column":20},"end":{"line":5,"column":57}},"4":{"start":{"line":7,"column":15},"end":{"line":7,"column":23}},"5":{"start":{"line":9,"column":0},"end":{"line":95,"column":2}},"6":{"start":{"line":13,"column":2},"end":{"line":15,"column":5}},"7":{"start":{"line":14,"column":4},"end":{"line":14,"column":48}},"8":{"start":{"line":21,"column":2},"end":{"line":72,"column":4}},"9":{"start":{"line":27,"column":6},"end":{"line":70,"column":7}},"10":{"start":{"line":28,"column":24},"end":{"line":30,"column":10}},"11":{"start":{"line":29,"column":10},"end":{"line":29,"column":59}},"12":{"start":{"line":31,"column":8},"end":{"line":36,"column":7}},"13":{"start":{"line":32,"column":8},"end":{"line":35,"column":11}},"14":{"start":{"line":37,"column":8},"end":{"line":42,"column":9}},"15":{"start":{"line":38,"column":10},"end":{"line":38,"column":63}},"16":{"start":{"line":39,"column":10},"end":{"line":39,"column":61}},"17":{"start":{"line":41,"column":10},"end":{"line":41,"column":40}},"18":{"start":{"line":44,"column":21},"end":{"line":44,"column":36}},"19":{"start":{"line":45,"column":64},"end":{"line":45,"column":68}},"20":{"start":{"line":47,"column":22},"end":{"line":53,"column":9}},"21":{"start":{"line":64,"column":14},"end":{"line":64,"column":46}},"22":{"start":{"line":69,"column":8},"end":{"line":69,"column":25}},"23":{"start":{"line":79,"column":2},"end":{"line":92,"column":5}},"24":{"start":{"line":80,"column":4},"end":{"line":80,"column":17}},"25":{"start":{"line":81,"column":4},"end":{"line":81,"column":34}},"26":{"start":{"line":82,"column":20},"end":{"line":84,"column":6}},"27":{"start":{"line":83,"column":6},"end":{"line":83,"column":56}},"28":{"start":{"line":85,"column":4},"end":{"line":90,"column":3}},"29":{"start":{"line":86,"column":4},"end":{"line":89,"column":7}},"30":{"start":{"line":91,"column":4},"end":{"line":91,"column":29}},"31":{"start":{"line":94,"column":2},"end":{"line":94,"column":16}}},"fnMap":{"0":{"name":"(anonymous_0)","decl":{"start":{"line":9,"column":17},"end":{"line":9,"column":18}},"loc":{"start":{"line":9,"column":23},"end":{"line":95,"column":1}},"line":9},"1":{"name":"(anonymous_1)","decl":{"start":{"line":13,"column":23},"end":{"line":13,"column":24}},"loc":{"start":{"line":13,"column":37},"end":{"line":15,"column":3}},"line":13},"2":{"name":"(anonymous_2)","decl":{"start":{"line":26,"column":4},"end":{"line":26,"column":5}},"loc":{"start":{"line":26,"column":30},"end":{"line":71,"column":5}},"line":26},"3":{"name":"(anonymous_3)","decl":{"start":{"line":28,"column":50},"end":{"line":28,"column":51}},"loc":{"start":{"line":28,"column":63},"end":{"line":30,"column":9}},"line":28},"4":{"name":"(anonymous_4)","decl":{"start":{"line":79,"column":24},"end":{"line":79,"column":25}},"loc":{"start":{"line":79,"column":38},"end":{"line":92,"column":3}},"line":79},"5":{"name":"(anonymous_5)","decl":{"start":{"line":82,"column":46},"end":{"line":82,"column":47}},"loc":{"start":{"line":82,"column":59},"end":{"line":84,"column":5}},"line":82}},"branchMap":{"0":{"loc":{"start":{"line":31,"column":8},"end":{"line":36,"column":7}},"type":"if","locations":[{"start":{"line":31,"column":8},"end":{"line":36,"column":7}},{"start":{},"end":{}}],"line":31},"1":{"loc":{"start":{"line":37,"column":8},"end":{"line":42,"column":9}},"type":"if","locations":[{"start":{"line":37,"column":8},"end":{"line":42,"column":9}},{"start":{"line":40,"column":15},"end":{"line":42,"column":9}}],"line":37},"2":{"loc":{"start":{"line":85,"column":4},"end":{"line":90,"column":3}},"type":"if","locations":[{"start":{"line":85,"column":4},"end":{"line":90,"column":3}},{"start":{},"end":{}}],"line":85}},"s":{"0":2,"1":2,"2":2,"3":2,"4":2,"5":2,"6":0,"7":0,"8":0,"9":0,"10":0,"11":0,"12":0,"13":0,"14":0,"15":0,"16":0,"17":0,"18":0,"19":0,"20":0,"21":0,"22":0,"23":0,"24":0,"25":0,"26":0,"27":0,"28":0,"29":0,"30":0,"31":0},"f":{"0":0,"1":0,"2":0,"3":0,"4":0,"5":0},"b":{"0":[0,0],"1":[0,0],"2":[0,0]},"_coverageSchema":"1a1c01bbd47fc00a2c39e90264f33305004495a9","hash":"101fd9a8f868ae7dbc3892d0e4c9113193a4a77c"}
,"/Volumes/external ssd/Project_Files/evening_glory_partners/app/backend/server/routes/auth/registration.js": {"path":"/Volumes/external ssd/Project_Files/evening_glory_partners/app/backend/server/routes/auth/registration.js","statementMap":{"0":{"start":{"line":1,"column":0},"end":{"line":1,"column":27}},"1":{"start":{"line":3,"column":15},"end":{"line":3,"column":32}},"2":{"start":{"line":4,"column":12},"end":{"line":4,"column":35}},"3":{"start":{"line":6,"column":19},"end":{"line":6,"column":37}},"4":{"start":{"line":9,"column":20},"end":{"line":9,"column":57}},"5":{"start":{"line":11,"column":19},"end":{"line":11,"column":58}},"6":{"start":{"line":13,"column":15},"end":{"line":13,"column":23}},"7":{"start":{"line":15,"column":0},"end":{"line":241,"column":2}},"8":{"start":{"line":25,"column":3},"end":{"line":130,"column":4}},"9":{"start":{"line":33,"column":6},"end":{"line":128,"column":7}},"10":{"start":{"line":35,"column":33},"end":{"line":35,"column":65}},"11":{"start":{"line":36,"column":23},"end":{"line":36,"column":25}},"12":{"start":{"line":37,"column":8},"end":{"line":64,"column":9}},"13":{"start":{"line":38,"column":10},"end":{"line":44,"column":13}},"14":{"start":{"line":39,"column":12},"end":{"line":39,"column":37}},"15":{"start":{"line":40,"column":12},"end":{"line":43,"column":15}},"16":{"start":{"line":46,"column":32},"end":{"line":46,"column":77}},"17":{"start":{"line":47,"column":35},"end":{"line":49,"column":11}},"18":{"start":{"line":51,"column":10},"end":{"line":63,"column":11}},"19":{"start":{"line":52,"column":12},"end":{"line":52,"column":33}},"20":{"start":{"line":53,"column":12},"end":{"line":53,"column":36}},"21":{"start":{"line":54,"column":28},"end":{"line":56,"column":14}},"22":{"start":{"line":55,"column":14},"end":{"line":55,"column":95}},"23":{"start":{"line":57,"column":12},"end":{"line":62,"column":11}},"24":{"start":{"line":58,"column":12},"end":{"line":61,"column":15}},"25":{"start":{"line":68,"column":8},"end":{"line":71,"column":9}},"26":{"start":{"line":70,"column":10},"end":{"line":70,"column":43}},"27":{"start":{"line":75,"column":8},"end":{"line":75,"column":37}},"28":{"start":{"line":79,"column":20},"end":{"line":90,"column":9}},"29":{"start":{"line":91,"column":24},"end":{"line":93,"column":10}},"30":{"start":{"line":92,"column":10},"end":{"line":92,"column":62}},"31":{"start":{"line":94,"column":8},"end":{"line":99,"column":7}},"32":{"start":{"line":95,"column":8},"end":{"line":98,"column":11}},"33":{"start":{"line":102,"column":8},"end":{"line":123,"column":9}},"34":{"start":{"line":115,"column":10},"end":{"line":119,"column":11}},"35":{"start":{"line":116,"column":12},"end":{"line":116,"column":36}},"36":{"start":{"line":117,"column":12},"end":{"line":117,"column":28}},"37":{"start":{"line":118,"column":14},"end":{"line":118,"column":47}},"38":{"start":{"line":120,"column":10},"end":{"line":120,"column":31}},"39":{"start":{"line":121,"column":10},"end":{"line":121,"column":28}},"40":{"start":{"line":122,"column":10},"end":{"line":122,"column":42}},"41":{"start":{"line":127,"column":8},"end":{"line":127,"column":25}},"42":{"start":{"line":132,"column":2},"end":{"line":238,"column":4}},"43":{"start":{"line":140,"column":6},"end":{"line":236,"column":7}},"44":{"start":{"line":142,"column":33},"end":{"line":142,"column":65}},"45":{"start":{"line":143,"column":23},"end":{"line":143,"column":25}},"46":{"start":{"line":144,"column":8},"end":{"line":171,"column":9}},"47":{"start":{"line":145,"column":10},"end":{"line":151,"column":13}},"48":{"start":{"line":146,"column":12},"end":{"line":146,"column":37}},"49":{"start":{"line":147,"column":12},"end":{"line":150,"column":15}},"50":{"start":{"line":153,"column":32},"end":{"line":153,"column":77}},"51":{"start":{"line":154,"column":35},"end":{"line":156,"column":11}},"52":{"start":{"line":158,"column":10},"end":{"line":170,"column":11}},"53":{"start":{"line":159,"column":12},"end":{"line":159,"column":33}},"54":{"start":{"line":160,"column":12},"end":{"line":160,"column":36}},"55":{"start":{"line":161,"column":28},"end":{"line":163,"column":14}},"56":{"start":{"line":162,"column":14},"end":{"line":162,"column":95}},"57":{"start":{"line":164,"column":12},"end":{"line":169,"column":11}},"58":{"start":{"line":165,"column":12},"end":{"line":168,"column":15}},"59":{"start":{"line":175,"column":8},"end":{"line":178,"column":9}},"60":{"start":{"line":177,"column":10},"end":{"line":177,"column":41}},"61":{"start":{"line":182,"column":8},"end":{"line":182,"column":37}},"62":{"start":{"line":186,"column":20},"end":{"line":197,"column":9}},"63":{"start":{"line":198,"column":24},"end":{"line":200,"column":10}},"64":{"start":{"line":199,"column":10},"end":{"line":199,"column":62}},"65":{"start":{"line":201,"column":8},"end":{"line":206,"column":7}},"66":{"start":{"line":202,"column":8},"end":{"line":205,"column":11}},"67":{"start":{"line":209,"column":8},"end":{"line":230,"column":9}},"68":{"start":{"line":222,"column":10},"end":{"line":226,"column":11}},"69":{"start":{"line":223,"column":12},"end":{"line":223,"column":36}},"70":{"start":{"line":224,"column":12},"end":{"line":224,"column":28}},"71":{"start":{"line":225,"column":14},"end":{"line":225,"column":47}},"72":{"start":{"line":227,"column":10},"end":{"line":227,"column":31}},"73":{"start":{"line":228,"column":10},"end":{"line":228,"column":28}},"74":{"start":{"line":229,"column":10},"end":{"line":229,"column":42}},"75":{"start":{"line":234,"column":8},"end":{"line":234,"column":45}},"76":{"start":{"line":235,"column":8},"end":{"line":235,"column":25}},"77":{"start":{"line":240,"column":2},"end":{"line":240,"column":16}}},"fnMap":{"0":{"name":"(anonymous_0)","decl":{"start":{"line":15,"column":17},"end":{"line":15,"column":18}},"loc":{"start":{"line":15,"column":23},"end":{"line":241,"column":1}},"line":15},"1":{"name":"(anonymous_1)","decl":{"start":{"line":32,"column":4},"end":{"line":32,"column":5}},"loc":{"start":{"line":32,"column":30},"end":{"line":129,"column":5}},"line":32},"2":{"name":"(anonymous_2)","decl":{"start":{"line":38,"column":42},"end":{"line":38,"column":43}},"loc":{"start":{"line":38,"column":53},"end":{"line":44,"column":11}},"line":38},"3":{"name":"(anonymous_3)","decl":{"start":{"line":54,"column":54},"end":{"line":54,"column":55}},"loc":{"start":{"line":54,"column":67},"end":{"line":56,"column":13}},"line":54},"4":{"name":"(anonymous_4)","decl":{"start":{"line":91,"column":50},"end":{"line":91,"column":51}},"loc":{"start":{"line":91,"column":63},"end":{"line":93,"column":9}},"line":91},"5":{"name":"(anonymous_5)","decl":{"start":{"line":114,"column":6},"end":{"line":114,"column":7}},"loc":{"start":{"line":114,"column":22},"end":{"line":123,"column":7}},"line":114},"6":{"name":"(anonymous_6)","decl":{"start":{"line":139,"column":4},"end":{"line":139,"column":5}},"loc":{"start":{"line":139,"column":30},"end":{"line":237,"column":5}},"line":139},"7":{"name":"(anonymous_7)","decl":{"start":{"line":145,"column":42},"end":{"line":145,"column":43}},"loc":{"start":{"line":145,"column":53},"end":{"line":151,"column":11}},"line":145},"8":{"name":"(anonymous_8)","decl":{"start":{"line":161,"column":54},"end":{"line":161,"column":55}},"loc":{"start":{"line":161,"column":67},"end":{"line":163,"column":13}},"line":161},"9":{"name":"(anonymous_9)","decl":{"start":{"line":198,"column":50},"end":{"line":198,"column":51}},"loc":{"start":{"line":198,"column":63},"end":{"line":200,"column":9}},"line":198},"10":{"name":"(anonymous_10)","decl":{"start":{"line":221,"column":6},"end":{"line":221,"column":7}},"loc":{"start":{"line":221,"column":22},"end":{"line":230,"column":7}},"line":221}},"branchMap":{"0":{"loc":{"start":{"line":37,"column":8},"end":{"line":64,"column":9}},"type":"if","locations":[{"start":{"line":37,"column":8},"end":{"line":64,"column":9}},{"start":{"line":45,"column":15},"end":{"line":64,"column":9}}],"line":37},"1":{"loc":{"start":{"line":51,"column":10},"end":{"line":63,"column":11}},"type":"if","locations":[{"start":{"line":51,"column":10},"end":{"line":63,"column":11}},{"start":{},"end":{}}],"line":51},"2":{"loc":{"start":{"line":51,"column":14},"end":{"line":51,"column":47}},"type":"binary-expr","locations":[{"start":{"line":51,"column":14},"end":{"line":51,"column":27}},{"start":{"line":51,"column":31},"end":{"line":51,"column":47}}],"line":51},"3":{"loc":{"start":{"line":57,"column":12},"end":{"line":62,"column":11}},"type":"if","locations":[{"start":{"line":57,"column":12},"end":{"line":62,"column":11}},{"start":{},"end":{}}],"line":57},"4":{"loc":{"start":{"line":68,"column":8},"end":{"line":71,"column":9}},"type":"if","locations":[{"start":{"line":68,"column":8},"end":{"line":71,"column":9}},{"start":{},"end":{}}],"line":68},"5":{"loc":{"start":{"line":94,"column":8},"end":{"line":99,"column":7}},"type":"if","locations":[{"start":{"line":94,"column":8},"end":{"line":99,"column":7}},{"start":{},"end":{}}],"line":94},"6":{"loc":{"start":{"line":115,"column":10},"end":{"line":119,"column":11}},"type":"if","locations":[{"start":{"line":115,"column":10},"end":{"line":119,"column":11}},{"start":{},"end":{}}],"line":115},"7":{"loc":{"start":{"line":144,"column":8},"end":{"line":171,"column":9}},"type":"if","locations":[{"start":{"line":144,"column":8},"end":{"line":171,"column":9}},{"start":{"line":152,"column":15},"end":{"line":171,"column":9}}],"line":144},"8":{"loc":{"start":{"line":158,"column":10},"end":{"line":170,"column":11}},"type":"if","locations":[{"start":{"line":158,"column":10},"end":{"line":170,"column":11}},{"start":{},"end":{}}],"line":158},"9":{"loc":{"start":{"line":158,"column":14},"end":{"line":158,"column":47}},"type":"binary-expr","locations":[{"start":{"line":158,"column":14},"end":{"line":158,"column":27}},{"start":{"line":158,"column":31},"end":{"line":158,"column":47}}],"line":158},"10":{"loc":{"start":{"line":164,"column":12},"end":{"line":169,"column":11}},"type":"if","locations":[{"start":{"line":164,"column":12},"end":{"line":169,"column":11}},{"start":{},"end":{}}],"line":164},"11":{"loc":{"start":{"line":175,"column":8},"end":{"line":178,"column":9}},"type":"if","locations":[{"start":{"line":175,"column":8},"end":{"line":178,"column":9}},{"start":{},"end":{}}],"line":175},"12":{"loc":{"start":{"line":201,"column":8},"end":{"line":206,"column":7}},"type":"if","locations":[{"start":{"line":201,"column":8},"end":{"line":206,"column":7}},{"start":{},"end":{}}],"line":201},"13":{"loc":{"start":{"line":222,"column":10},"end":{"line":226,"column":11}},"type":"if","locations":[{"start":{"line":222,"column":10},"end":{"line":226,"column":11}},{"start":{},"end":{}}],"line":222}},"s":{"0":2,"1":2,"2":2,"3":2,"4":2,"5":2,"6":2,"7":2,"8":0,"9":0,"10":0,"11":0,"12":0,"13":0,"14":0,"15":0,"16":0,"17":0,"18":0,"19":0,"20":0,"21":0,"22":0,"23":0,"24":0,"25":0,"26":0,"27":0,"28":0,"29":0,"30":0,"31":0,"32":0,"33":0,"34":0,"35":0,"36":0,"37":0,"38":0,"39":0,"40":0,"41":0,"42":0,"43":0,"44":0,"45":0,"46":0,"47":0,"48":0,"49":0,"50":0,"51":0,"52":0,"53":0,"54":0,"55":0,"56":0,"57":0,"58":0,"59":0,"60":0,"61":0,"62":0,"63":0,"64":0,"65":0,"66":0,"67":0,"68":0,"69":0,"70":0,"71":0,"72":0,"73":0,"74":0,"75":0,"76":0,"77":0},"f":{"0":0,"1":0,"2":0,"3":0,"4":0,"5":0,"6":0,"7":0,"8":0,"9":0,"10":0},"b":{"0":[0,0],"1":[0,0],"2":[0,0],"3":[0,0],"4":[0,0],"5":[0,0],"6":[0,0],"7":[0,0],"8":[0,0],"9":[0,0],"10":[0,0],"11":[0,0],"12":[0,0],"13":[0,0]},"_coverageSchema":"1a1c01bbd47fc00a2c39e90264f33305004495a9","hash":"4ec93e7571751217bf95e131aaa6e9491c547c0e"}
,"/Volumes/external ssd/Project_Files/evening_glory_partners/app/backend/server/routes/auth/resetpassword.js": {"path":"/Volumes/external ssd/Project_Files/evening_glory_partners/app/backend/server/routes/auth/resetpassword.js","statementMap":{"0":{"start":{"line":1,"column":19},"end":{"line":1,"column":37}},"1":{"start":{"line":4,"column":20},"end":{"line":4,"column":57}},"2":{"start":{"line":5,"column":19},"end":{"line":5,"column":58}},"3":{"start":{"line":7,"column":15},"end":{"line":7,"column":23}},"4":{"start":{"line":9,"column":0},"end":{"line":26,"column":2}},"5":{"start":{"line":10,"column":1},"end":{"line":24,"column":3}},"6":{"start":{"line":11,"column":2},"end":{"line":22,"column":3}},"7":{"start":{"line":12,"column":4},"end":{"line":12,"column":27}},"8":{"start":{"line":13,"column":4},"end":{"line":13,"column":25}},"9":{"start":{"line":14,"column":32},"end":{"line":14,"column":60}},"10":{"start":{"line":15,"column":24},"end":{"line":15,"column":44}},"11":{"start":{"line":16,"column":18},"end":{"line":16,"column":81}},"12":{"start":{"line":18,"column":4},"end":{"line":18,"column":32}},"13":{"start":{"line":21,"column":4},"end":{"line":21,"column":18}},"14":{"start":{"line":25,"column":2},"end":{"line":25,"column":16}}},"fnMap":{"0":{"name":"(anonymous_0)","decl":{"start":{"line":9,"column":17},"end":{"line":9,"column":18}},"loc":{"start":{"line":9,"column":23},"end":{"line":26,"column":1}},"line":9},"1":{"name":"(anonymous_1)","decl":{"start":{"line":10,"column":54},"end":{"line":10,"column":55}},"loc":{"start":{"line":10,"column":71},"end":{"line":24,"column":2}},"line":10}},"branchMap":{},"s":{"0":2,"1":2,"2":2,"3":2,"4":2,"5":0,"6":0,"7":0,"8":0,"9":0,"10":0,"11":0,"12":0,"13":0,"14":0},"f":{"0":0,"1":0},"b":{},"_coverageSchema":"1a1c01bbd47fc00a2c39e90264f33305004495a9","hash":"8807d5f112430eb602881ad8f435788421a2d9a4"}
,"/Volumes/external ssd/Project_Files/evening_glory_partners/app/backend/server/routes/auth/userlist.js": {"path":"/Volumes/external ssd/Project_Files/evening_glory_partners/app/backend/server/routes/auth/userlist.js","statementMap":{"0":{"start":{"line":1,"column":19},"end":{"line":1,"column":37}},"1":{"start":{"line":2,"column":12},"end":{"line":2,"column":35}},"2":{"start":{"line":3,"column":17},"end":{"line":3,"column":36}},"3":{"start":{"line":4,"column":23},"end":{"line":4,"column":38}},"4":{"start":{"line":5,"column":20},"end":{"line":5,"column":57}},"5":{"start":{"line":6,"column":23},"end":{"line":6,"column":63}},"6":{"start":{"line":7,"column":19},"end":{"line":7,"column":45}},"7":{"start":{"line":9,"column":15},"end":{"line":9,"column":23}},"8":{"start":{"line":16,"column":0},"end":{"line":298,"column":1}},"9":{"start":{"line":19,"column":2},"end":{"line":30,"column":4}},"10":{"start":{"line":20,"column":4},"end":{"line":29,"column":5}},"11":{"start":{"line":21,"column":20},"end":{"line":21,"column":47}},"12":{"start":{"line":25,"column":6},"end":{"line":25,"column":33}},"13":{"start":{"line":27,"column":6},"end":{"line":27,"column":23}},"14":{"start":{"line":28,"column":6},"end":{"line":28,"column":26}},"15":{"start":{"line":32,"column":4},"end":{"line":40,"column":8}},"16":{"start":{"line":36,"column":10},"end":{"line":38,"column":13}},"17":{"start":{"line":44,"column":6},"end":{"line":65,"column":8}},"18":{"start":{"line":45,"column":8},"end":{"line":64,"column":9}},"19":{"start":{"line":46,"column":22},"end":{"line":46,"column":38}},"20":{"start":{"line":47,"column":34},"end":{"line":47,"column":42}},"21":{"start":{"line":48,"column":13},"end":{"line":48,"column":80}},"22":{"start":{"line":50,"column":0},"end":{"line":58,"column":3}},"23":{"start":{"line":59,"column":0},"end":{"line":59,"column":57}},"24":{"start":{"line":62,"column":10},"end":{"line":62,"column":25}},"25":{"start":{"line":63,"column":10},"end":{"line":63,"column":30}},"26":{"start":{"line":67,"column":6},"end":{"line":88,"column":9}},"27":{"start":{"line":68,"column":8},"end":{"line":87,"column":9}},"28":{"start":{"line":69,"column":24},"end":{"line":69,"column":67}},"29":{"start":{"line":71,"column":27},"end":{"line":80,"column":11}},"30":{"start":{"line":73,"column":31},"end":{"line":73,"column":44}},"31":{"start":{"line":74,"column":33},"end":{"line":74,"column":73}},"32":{"start":{"line":75,"column":14},"end":{"line":77,"column":15}},"33":{"start":{"line":76,"column":16},"end":{"line":76,"column":55}},"34":{"start":{"line":78,"column":14},"end":{"line":78,"column":30}},"35":{"start":{"line":84,"column":10},"end":{"line":84,"column":47}},"36":{"start":{"line":86,"column":10},"end":{"line":86,"column":27}},"37":{"start":{"line":91,"column":6},"end":{"line":112,"column":9}},"38":{"start":{"line":92,"column":8},"end":{"line":111,"column":9}},"39":{"start":{"line":93,"column":24},"end":{"line":93,"column":67}},"40":{"start":{"line":95,"column":27},"end":{"line":104,"column":11}},"41":{"start":{"line":97,"column":31},"end":{"line":97,"column":44}},"42":{"start":{"line":98,"column":33},"end":{"line":98,"column":73}},"43":{"start":{"line":99,"column":14},"end":{"line":101,"column":15}},"44":{"start":{"line":100,"column":16},"end":{"line":100,"column":55}},"45":{"start":{"line":102,"column":14},"end":{"line":102,"column":30}},"46":{"start":{"line":108,"column":10},"end":{"line":108,"column":47}},"47":{"start":{"line":110,"column":10},"end":{"line":110,"column":27}},"48":{"start":{"line":115,"column":6},"end":{"line":136,"column":9}},"49":{"start":{"line":116,"column":8},"end":{"line":135,"column":9}},"50":{"start":{"line":117,"column":24},"end":{"line":117,"column":66}},"51":{"start":{"line":119,"column":27},"end":{"line":128,"column":11}},"52":{"start":{"line":121,"column":31},"end":{"line":121,"column":44}},"53":{"start":{"line":122,"column":33},"end":{"line":122,"column":73}},"54":{"start":{"line":123,"column":14},"end":{"line":125,"column":15}},"55":{"start":{"line":124,"column":16},"end":{"line":124,"column":55}},"56":{"start":{"line":126,"column":14},"end":{"line":126,"column":30}},"57":{"start":{"line":132,"column":10},"end":{"line":132,"column":47}},"58":{"start":{"line":134,"column":10},"end":{"line":134,"column":27}},"59":{"start":{"line":138,"column":6},"end":{"line":161,"column":9}},"60":{"start":{"line":139,"column":8},"end":{"line":160,"column":9}},"61":{"start":{"line":142,"column":23},"end":{"line":142,"column":84}},"62":{"start":{"line":146,"column":31},"end":{"line":146,"column":44}},"63":{"start":{"line":147,"column":33},"end":{"line":147,"column":73}},"64":{"start":{"line":148,"column":14},"end":{"line":150,"column":15}},"65":{"start":{"line":149,"column":16},"end":{"line":149,"column":55}},"66":{"start":{"line":157,"column":10},"end":{"line":157,"column":46}},"67":{"start":{"line":159,"column":10},"end":{"line":159,"column":27}},"68":{"start":{"line":163,"column":6},"end":{"line":186,"column":9}},"69":{"start":{"line":164,"column":8},"end":{"line":185,"column":9}},"70":{"start":{"line":167,"column":23},"end":{"line":167,"column":87}},"71":{"start":{"line":171,"column":31},"end":{"line":171,"column":44}},"72":{"start":{"line":172,"column":33},"end":{"line":172,"column":73}},"73":{"start":{"line":173,"column":14},"end":{"line":175,"column":15}},"74":{"start":{"line":174,"column":16},"end":{"line":174,"column":55}},"75":{"start":{"line":182,"column":10},"end":{"line":182,"column":46}},"76":{"start":{"line":184,"column":10},"end":{"line":184,"column":27}},"77":{"start":{"line":188,"column":6},"end":{"line":198,"column":9}},"78":{"start":{"line":189,"column":8},"end":{"line":197,"column":9}},"79":{"start":{"line":191,"column":27},"end":{"line":191,"column":73}},"80":{"start":{"line":194,"column":10},"end":{"line":194,"column":40}},"81":{"start":{"line":196,"column":10},"end":{"line":196,"column":27}},"82":{"start":{"line":200,"column":6},"end":{"line":212,"column":9}},"83":{"start":{"line":201,"column":8},"end":{"line":211,"column":9}},"84":{"start":{"line":203,"column":26},"end":{"line":203,"column":108}},"85":{"start":{"line":205,"column":21},"end":{"line":205,"column":44}},"86":{"start":{"line":206,"column":8},"end":{"line":206,"column":36}},"87":{"start":{"line":208,"column":10},"end":{"line":208,"column":39}},"88":{"start":{"line":210,"column":10},"end":{"line":210,"column":27}},"89":{"start":{"line":214,"column":6},"end":{"line":238,"column":9}},"90":{"start":{"line":215,"column":8},"end":{"line":237,"column":9}},"91":{"start":{"line":216,"column":0},"end":{"line":216,"column":20}},"92":{"start":{"line":217,"column":0},"end":{"line":217,"column":25}},"93":{"start":{"line":218,"column":23},"end":{"line":218,"column":80}},"94":{"start":{"line":219,"column":0},"end":{"line":219,"column":21}},"95":{"start":{"line":220,"column":0},"end":{"line":220,"column":17}},"96":{"start":{"line":223,"column":31},"end":{"line":223,"column":44}},"97":{"start":{"line":224,"column":33},"end":{"line":224,"column":73}},"98":{"start":{"line":225,"column":14},"end":{"line":227,"column":15}},"99":{"start":{"line":226,"column":16},"end":{"line":226,"column":55}},"100":{"start":{"line":234,"column":10},"end":{"line":234,"column":46}},"101":{"start":{"line":236,"column":10},"end":{"line":236,"column":27}},"102":{"start":{"line":241,"column":6},"end":{"line":266,"column":9}},"103":{"start":{"line":242,"column":8},"end":{"line":265,"column":9}},"104":{"start":{"line":243,"column":0},"end":{"line":243,"column":20}},"105":{"start":{"line":244,"column":0},"end":{"line":244,"column":25}},"106":{"start":{"line":245,"column":23},"end":{"line":245,"column":81}},"107":{"start":{"line":251,"column":31},"end":{"line":251,"column":44}},"108":{"start":{"line":252,"column":33},"end":{"line":252,"column":73}},"109":{"start":{"line":253,"column":14},"end":{"line":255,"column":15}},"110":{"start":{"line":254,"column":16},"end":{"line":254,"column":55}},"111":{"start":{"line":262,"column":10},"end":{"line":262,"column":46}},"112":{"start":{"line":264,"column":10},"end":{"line":264,"column":27}},"113":{"start":{"line":268,"column":6},"end":{"line":295,"column":8}},"114":{"start":{"line":269,"column":8},"end":{"line":294,"column":9}},"115":{"start":{"line":270,"column":10},"end":{"line":289,"column":11}},"116":{"start":{"line":271,"column":26},"end":{"line":271,"column":69}},"117":{"start":{"line":273,"column":29},"end":{"line":282,"column":13}},"118":{"start":{"line":275,"column":33},"end":{"line":275,"column":46}},"119":{"start":{"line":276,"column":35},"end":{"line":276,"column":75}},"120":{"start":{"line":277,"column":16},"end":{"line":279,"column":17}},"121":{"start":{"line":278,"column":18},"end":{"line":278,"column":57}},"122":{"start":{"line":280,"column":16},"end":{"line":280,"column":32}},"123":{"start":{"line":286,"column":12},"end":{"line":286,"column":49}},"124":{"start":{"line":288,"column":12},"end":{"line":288,"column":29}},"125":{"start":{"line":293,"column":10},"end":{"line":293,"column":18}},"126":{"start":{"line":296,"column":6},"end":{"line":296,"column":20}}},"fnMap":{"0":{"name":"(anonymous_0)","decl":{"start":{"line":16,"column":17},"end":{"line":16,"column":18}},"loc":{"start":{"line":16,"column":29},"end":{"line":298,"column":1}},"line":16},"1":{"name":"(anonymous_1)","decl":{"start":{"line":19,"column":29},"end":{"line":19,"column":30}},"loc":{"start":{"line":19,"column":49},"end":{"line":30,"column":3}},"line":19},"2":{"name":"(anonymous_2)","decl":{"start":{"line":35,"column":8},"end":{"line":35,"column":9}},"loc":{"start":{"line":35,"column":22},"end":{"line":39,"column":9}},"line":35},"3":{"name":"(anonymous_3)","decl":{"start":{"line":44,"column":43},"end":{"line":44,"column":44}},"loc":{"start":{"line":44,"column":62},"end":{"line":65,"column":7}},"line":44},"4":{"name":"(anonymous_4)","decl":{"start":{"line":67,"column":79},"end":{"line":67,"column":80}},"loc":{"start":{"line":67,"column":105},"end":{"line":88,"column":7}},"line":67},"5":{"name":"(anonymous_5)","decl":{"start":{"line":72,"column":22},"end":{"line":72,"column":23}},"loc":{"start":{"line":72,"column":38},"end":{"line":79,"column":13}},"line":72},"6":{"name":"(anonymous_6)","decl":{"start":{"line":91,"column":82},"end":{"line":91,"column":83}},"loc":{"start":{"line":91,"column":108},"end":{"line":112,"column":7}},"line":91},"7":{"name":"(anonymous_7)","decl":{"start":{"line":96,"column":22},"end":{"line":96,"column":23}},"loc":{"start":{"line":96,"column":38},"end":{"line":103,"column":13}},"line":96},"8":{"name":"(anonymous_8)","decl":{"start":{"line":115,"column":81},"end":{"line":115,"column":82}},"loc":{"start":{"line":115,"column":107},"end":{"line":136,"column":7}},"line":115},"9":{"name":"(anonymous_9)","decl":{"start":{"line":120,"column":22},"end":{"line":120,"column":23}},"loc":{"start":{"line":120,"column":38},"end":{"line":127,"column":13}},"line":120},"10":{"name":"(anonymous_10)","decl":{"start":{"line":138,"column":82},"end":{"line":138,"column":83}},"loc":{"start":{"line":138,"column":108},"end":{"line":161,"column":7}},"line":138},"11":{"name":"(anonymous_11)","decl":{"start":{"line":163,"column":85},"end":{"line":163,"column":86}},"loc":{"start":{"line":163,"column":111},"end":{"line":186,"column":7}},"line":163},"12":{"name":"(anonymous_12)","decl":{"start":{"line":188,"column":82},"end":{"line":188,"column":83}},"loc":{"start":{"line":188,"column":108},"end":{"line":198,"column":7}},"line":188},"13":{"name":"(anonymous_13)","decl":{"start":{"line":200,"column":83},"end":{"line":200,"column":84}},"loc":{"start":{"line":200,"column":109},"end":{"line":212,"column":7}},"line":200},"14":{"name":"(anonymous_14)","decl":{"start":{"line":214,"column":81},"end":{"line":214,"column":82}},"loc":{"start":{"line":214,"column":107},"end":{"line":238,"column":7}},"line":214},"15":{"name":"(anonymous_15)","decl":{"start":{"line":241,"column":82},"end":{"line":241,"column":83}},"loc":{"start":{"line":241,"column":108},"end":{"line":266,"column":7}},"line":241},"16":{"name":"(anonymous_16)","decl":{"start":{"line":268,"column":82},"end":{"line":268,"column":83}},"loc":{"start":{"line":268,"column":108},"end":{"line":295,"column":7}},"line":268},"17":{"name":"(anonymous_17)","decl":{"start":{"line":274,"column":24},"end":{"line":274,"column":25}},"loc":{"start":{"line":274,"column":40},"end":{"line":281,"column":15}},"line":274}},"branchMap":{"0":{"loc":{"start":{"line":75,"column":14},"end":{"line":77,"column":15}},"type":"if","locations":[{"start":{"line":75,"column":14},"end":{"line":77,"column":15}},{"start":{},"end":{}}],"line":75},"1":{"loc":{"start":{"line":75,"column":18},"end":{"line":75,"column":48}},"type":"binary-expr","locations":[{"start":{"line":75,"column":18},"end":{"line":75,"column":28}},{"start":{"line":75,"column":32},"end":{"line":75,"column":48}}],"line":75},"2":{"loc":{"start":{"line":99,"column":14},"end":{"line":101,"column":15}},"type":"if","locations":[{"start":{"line":99,"column":14},"end":{"line":101,"column":15}},{"start":{},"end":{}}],"line":99},"3":{"loc":{"start":{"line":99,"column":18},"end":{"line":99,"column":48}},"type":"binary-expr","locations":[{"start":{"line":99,"column":18},"end":{"line":99,"column":28}},{"start":{"line":99,"column":32},"end":{"line":99,"column":48}}],"line":99},"4":{"loc":{"start":{"line":123,"column":14},"end":{"line":125,"column":15}},"type":"if","locations":[{"start":{"line":123,"column":14},"end":{"line":125,"column":15}},{"start":{},"end":{}}],"line":123},"5":{"loc":{"start":{"line":123,"column":18},"end":{"line":123,"column":48}},"type":"binary-expr","locations":[{"start":{"line":123,"column":18},"end":{"line":123,"column":28}},{"start":{"line":123,"column":32},"end":{"line":123,"column":48}}],"line":123},"6":{"loc":{"start":{"line":148,"column":14},"end":{"line":150,"column":15}},"type":"if","locations":[{"start":{"line":148,"column":14},"end":{"line":150,"column":15}},{"start":{},"end":{}}],"line":148},"7":{"loc":{"start":{"line":148,"column":18},"end":{"line":148,"column":48}},"type":"binary-expr","locations":[{"start":{"line":148,"column":18},"end":{"line":148,"column":28}},{"start":{"line":148,"column":32},"end":{"line":148,"column":48}}],"line":148},"8":{"loc":{"start":{"line":173,"column":14},"end":{"line":175,"column":15}},"type":"if","locations":[{"start":{"line":173,"column":14},"end":{"line":175,"column":15}},{"start":{},"end":{}}],"line":173},"9":{"loc":{"start":{"line":173,"column":18},"end":{"line":173,"column":48}},"type":"binary-expr","locations":[{"start":{"line":173,"column":18},"end":{"line":173,"column":28}},{"start":{"line":173,"column":32},"end":{"line":173,"column":48}}],"line":173},"10":{"loc":{"start":{"line":225,"column":14},"end":{"line":227,"column":15}},"type":"if","locations":[{"start":{"line":225,"column":14},"end":{"line":227,"column":15}},{"start":{},"end":{}}],"line":225},"11":{"loc":{"start":{"line":225,"column":18},"end":{"line":225,"column":48}},"type":"binary-expr","locations":[{"start":{"line":225,"column":18},"end":{"line":225,"column":28}},{"start":{"line":225,"column":32},"end":{"line":225,"column":48}}],"line":225},"12":{"loc":{"start":{"line":253,"column":14},"end":{"line":255,"column":15}},"type":"if","locations":[{"start":{"line":253,"column":14},"end":{"line":255,"column":15}},{"start":{},"end":{}}],"line":253},"13":{"loc":{"start":{"line":253,"column":18},"end":{"line":253,"column":48}},"type":"binary-expr","locations":[{"start":{"line":253,"column":18},"end":{"line":253,"column":28}},{"start":{"line":253,"column":32},"end":{"line":253,"column":48}}],"line":253},"14":{"loc":{"start":{"line":277,"column":16},"end":{"line":279,"column":17}},"type":"if","locations":[{"start":{"line":277,"column":16},"end":{"line":279,"column":17}},{"start":{},"end":{}}],"line":277},"15":{"loc":{"start":{"line":277,"column":20},"end":{"line":277,"column":50}},"type":"binary-expr","locations":[{"start":{"line":277,"column":20},"end":{"line":277,"column":30}},{"start":{"line":277,"column":34},"end":{"line":277,"column":50}}],"line":277}},"s":{"0":2,"1":2,"2":2,"3":2,"4":2,"5":2,"6":2,"7":2,"8":2,"9":0,"10":0,"11":0,"12":0,"13":0,"14":0,"15":0,"16":0,"17":0,"18":0,"19":0,"20":0,"21":0,"22":0,"23":0,"24":0,"25":0,"26":0,"27":0,"28":0,"29":0,"30":0,"31":0,"32":0,"33":0,"34":0,"35":0,"36":0,"37":0,"38":0,"39":0,"40":0,"41":0,"42":0,"43":0,"44":0,"45":0,"46":0,"47":0,"48":0,"49":0,"50":0,"51":0,"52":0,"53":0,"54":0,"55":0,"56":0,"57":0,"58":0,"59":0,"60":0,"61":0,"62":0,"63":0,"64":0,"65":0,"66":0,"67":0,"68":0,"69":0,"70":0,"71":0,"72":0,"73":0,"74":0,"75":0,"76":0,"77":0,"78":0,"79":0,"80":0,"81":0,"82":0,"83":0,"84":0,"85":0,"86":0,"87":0,"88":0,"89":0,"90":0,"91":0,"92":0,"93":0,"94":0,"95":0,"96":0,"97":0,"98":0,"99":0,"100":0,"101":0,"102":0,"103":0,"104":0,"105":0,"106":0,"107":0,"108":0,"109":0,"110":0,"111":0,"112":0,"113":0,"114":0,"115":0,"116":0,"117":0,"118":0,"119":0,"120":0,"121":0,"122":0,"123":0,"124":0,"125":0,"126":0},"f":{"0":0,"1":0,"2":0,"3":0,"4":0,"5":0,"6":0,"7":0,"8":0,"9":0,"10":0,"11":0,"12":0,"13":0,"14":0,"15":0,"16":0,"17":0},"b":{"0":[0,0],"1":[0,0],"2":[0,0],"3":[0,0],"4":[0,0],"5":[0,0],"6":[0,0],"7":[0,0],"8":[0,0],"9":[0,0],"10":[0,0],"11":[0,0],"12":[0,0],"13":[0,0],"14":[0,0],"15":[0,0]},"_coverageSchema":"1a1c01bbd47fc00a2c39e90264f33305004495a9","hash":"4d6d9528ba57b1dd3fd71636416486862cd80b38"}
,"/Volumes/external ssd/Project_Files/evening_glory_partners/app/backend/server/routes/auth/verification.js": {"path":"/Volumes/external ssd/Project_Files/evening_glory_partners/app/backend/server/routes/auth/verification.js","statementMap":{"0":{"start":{"line":1,"column":19},"end":{"line":1,"column":37}},"1":{"start":{"line":4,"column":20},"end":{"line":4,"column":57}},"2":{"start":{"line":6,"column":15},"end":{"line":6,"column":23}},"3":{"start":{"line":8,"column":0},"end":{"line":48,"column":2}},"4":{"start":{"line":12,"column":2},"end":{"line":45,"column":5}},"5":{"start":{"line":13,"column":4},"end":{"line":44,"column":5}},"6":{"start":{"line":17,"column":19},"end":{"line":17,"column":64}},"7":{"start":{"line":18,"column":6},"end":{"line":40,"column":7}},"8":{"start":{"line":19,"column":24},"end":{"line":21,"column":10}},"9":{"start":{"line":20,"column":10},"end":{"line":20,"column":66}},"10":{"start":{"line":22,"column":8},"end":{"line":27,"column":7}},"11":{"start":{"line":23,"column":8},"end":{"line":26,"column":11}},"12":{"start":{"line":29,"column":8},"end":{"line":29,"column":29}},"13":{"start":{"line":30,"column":8},"end":{"line":30,"column":26}},"14":{"start":{"line":31,"column":24},"end":{"line":33,"column":10}},"15":{"start":{"line":32,"column":10},"end":{"line":32,"column":60}},"16":{"start":{"line":34,"column":8},"end":{"line":39,"column":7}},"17":{"start":{"line":35,"column":8},"end":{"line":38,"column":11}},"18":{"start":{"line":41,"column":6},"end":{"line":41,"column":31}},"19":{"start":{"line":43,"column":6},"end":{"line":43,"column":23}},"20":{"start":{"line":47,"column":2},"end":{"line":47,"column":16}}},"fnMap":{"0":{"name":"(anonymous_0)","decl":{"start":{"line":8,"column":17},"end":{"line":8,"column":18}},"loc":{"start":{"line":8,"column":23},"end":{"line":48,"column":1}},"line":8},"1":{"name":"(anonymous_1)","decl":{"start":{"line":12,"column":39},"end":{"line":12,"column":40}},"loc":{"start":{"line":12,"column":65},"end":{"line":45,"column":3}},"line":12},"2":{"name":"(anonymous_2)","decl":{"start":{"line":19,"column":50},"end":{"line":19,"column":51}},"loc":{"start":{"line":19,"column":63},"end":{"line":21,"column":9}},"line":19},"3":{"name":"(anonymous_3)","decl":{"start":{"line":31,"column":50},"end":{"line":31,"column":51}},"loc":{"start":{"line":31,"column":63},"end":{"line":33,"column":9}},"line":31}},"branchMap":{"0":{"loc":{"start":{"line":18,"column":6},"end":{"line":40,"column":7}},"type":"if","locations":[{"start":{"line":18,"column":6},"end":{"line":40,"column":7}},{"start":{"line":28,"column":13},"end":{"line":40,"column":7}}],"line":18},"1":{"loc":{"start":{"line":18,"column":10},"end":{"line":18,"column":62}},"type":"binary-expr","locations":[{"start":{"line":18,"column":10},"end":{"line":18,"column":15}},{"start":{"line":18,"column":19},"end":{"line":18,"column":62}}],"line":18},"2":{"loc":{"start":{"line":22,"column":8},"end":{"line":27,"column":7}},"type":"if","locations":[{"start":{"line":22,"column":8},"end":{"line":27,"column":7}},{"start":{},"end":{}}],"line":22},"3":{"loc":{"start":{"line":34,"column":8},"end":{"line":39,"column":7}},"type":"if","locations":[{"start":{"line":34,"column":8},"end":{"line":39,"column":7}},{"start":{},"end":{}}],"line":34}},"s":{"0":2,"1":2,"2":2,"3":2,"4":0,"5":0,"6":0,"7":0,"8":0,"9":0,"10":0,"11":0,"12":0,"13":0,"14":0,"15":0,"16":0,"17":0,"18":0,"19":0,"20":0},"f":{"0":0,"1":0,"2":0,"3":0},"b":{"0":[0,0],"1":[0,0],"2":[0,0],"3":[0,0]},"_coverageSchema":"1a1c01bbd47fc00a2c39e90264f33305004495a9","hash":"616467ec6a3b94d614a89c07cc893fabded5ae96"}
,"/Volumes/external ssd/Project_Files/evening_glory_partners/app/backend/server/routes/playground/index.js": {"path":"/Volumes/external ssd/Project_Files/evening_glory_partners/app/backend/server/routes/playground/index.js","statementMap":{"0":{"start":{"line":1,"column":19},"end":{"line":1,"column":37}},"1":{"start":{"line":2,"column":20},"end":{"line":2,"column":57}},"2":{"start":{"line":4,"column":15},"end":{"line":4,"column":23}},"3":{"start":{"line":9,"column":0},"end":{"line":73,"column":2}},"4":{"start":{"line":11,"column":2},"end":{"line":32,"column":5}},"5":{"start":{"line":12,"column":4},"end":{"line":31,"column":5}},"6":{"start":{"line":13,"column":20},"end":{"line":13,"column":47}},"7":{"start":{"line":14,"column":23},"end":{"line":23,"column":7}},"8":{"start":{"line":16,"column":27},"end":{"line":16,"column":40}},"9":{"start":{"line":17,"column":29},"end":{"line":17,"column":69}},"10":{"start":{"line":18,"column":10},"end":{"line":20,"column":11}},"11":{"start":{"line":19,"column":12},"end":{"line":19,"column":51}},"12":{"start":{"line":21,"column":10},"end":{"line":21,"column":26}},"13":{"start":{"line":25,"column":6},"end":{"line":28,"column":9}},"14":{"start":{"line":30,"column":6},"end":{"line":30,"column":23}},"15":{"start":{"line":34,"column":2},"end":{"line":47,"column":5}},"16":{"start":{"line":35,"column":4},"end":{"line":46,"column":5}},"17":{"start":{"line":36,"column":6},"end":{"line":36,"column":50}},"18":{"start":{"line":38,"column":6},"end":{"line":41,"column":9}},"19":{"start":{"line":43,"column":6},"end":{"line":43,"column":50}},"20":{"start":{"line":45,"column":6},"end":{"line":45,"column":23}},"21":{"start":{"line":49,"column":2},"end":{"line":69,"column":4}},"22":{"start":{"line":52,"column":6},"end":{"line":67,"column":7}},"23":{"start":{"line":53,"column":21},"end":{"line":56,"column":9}},"24":{"start":{"line":57,"column":8},"end":{"line":57,"column":32}},"25":{"start":{"line":58,"column":8},"end":{"line":58,"column":26}},"26":{"start":{"line":59,"column":8},"end":{"line":62,"column":11}},"27":{"start":{"line":64,"column":8},"end":{"line":64,"column":52}},"28":{"start":{"line":66,"column":8},"end":{"line":66,"column":25}},"29":{"start":{"line":72,"column":2},"end":{"line":72,"column":16}}},"fnMap":{"0":{"name":"(anonymous_0)","decl":{"start":{"line":9,"column":17},"end":{"line":9,"column":18}},"loc":{"start":{"line":9,"column":29},"end":{"line":73,"column":1}},"line":9},"1":{"name":"(anonymous_1)","decl":{"start":{"line":11,"column":26},"end":{"line":11,"column":27}},"loc":{"start":{"line":11,"column":52},"end":{"line":32,"column":3}},"line":11},"2":{"name":"(anonymous_2)","decl":{"start":{"line":15,"column":18},"end":{"line":15,"column":19}},"loc":{"start":{"line":15,"column":34},"end":{"line":22,"column":9}},"line":15},"3":{"name":"(anonymous_3)","decl":{"start":{"line":34,"column":37},"end":{"line":34,"column":38}},"loc":{"start":{"line":34,"column":63},"end":{"line":47,"column":3}},"line":34},"4":{"name":"(anonymous_4)","decl":{"start":{"line":51,"column":4},"end":{"line":51,"column":5}},"loc":{"start":{"line":51,"column":30},"end":{"line":68,"column":5}},"line":51}},"branchMap":{"0":{"loc":{"start":{"line":18,"column":10},"end":{"line":20,"column":11}},"type":"if","locations":[{"start":{"line":18,"column":10},"end":{"line":20,"column":11}},{"start":{},"end":{}}],"line":18},"1":{"loc":{"start":{"line":18,"column":14},"end":{"line":18,"column":44}},"type":"binary-expr","locations":[{"start":{"line":18,"column":14},"end":{"line":18,"column":24}},{"start":{"line":18,"column":28},"end":{"line":18,"column":44}}],"line":18}},"s":{"0":2,"1":2,"2":2,"3":2,"4":0,"5":0,"6":0,"7":0,"8":0,"9":0,"10":0,"11":0,"12":0,"13":0,"14":0,"15":0,"16":0,"17":0,"18":0,"19":0,"20":0,"21":0,"22":0,"23":0,"24":0,"25":0,"26":0,"27":0,"28":0,"29":0},"f":{"0":0,"1":0,"2":0,"3":0,"4":0},"b":{"0":[0,0],"1":[0,0]},"_coverageSchema":"1a1c01bbd47fc00a2c39e90264f33305004495a9","hash":"3ef08d053deb7415d0d7ef364eea20ad769856ea"}
,"/Volumes/external ssd/Project_Files/evening_glory_partners/app/backend/server/routes/userlist/index.js": {"path":"/Volumes/external ssd/Project_Files/evening_glory_partners/app/backend/server/routes/userlist/index.js","statementMap":{"0":{"start":{"line":1,"column":19},"end":{"line":1,"column":37}},"1":{"start":{"line":2,"column":12},"end":{"line":2,"column":35}},"2":{"start":{"line":3,"column":17},"end":{"line":3,"column":36}},"3":{"start":{"line":4,"column":20},"end":{"line":4,"column":57}},"4":{"start":{"line":6,"column":15},"end":{"line":6,"column":23}},"5":{"start":{"line":8,"column":0},"end":{"line":47,"column":2}},"6":{"start":{"line":9,"column":21},"end":{"line":9,"column":27}},"7":{"start":{"line":10,"column":2},"end":{"line":29,"column":4}},"8":{"start":{"line":16,"column":6},"end":{"line":27,"column":7}},"9":{"start":{"line":17,"column":22},"end":{"line":23,"column":9}},"10":{"start":{"line":24,"column":8},"end":{"line":24,"column":40}},"11":{"start":{"line":26,"column":8},"end":{"line":26,"column":25}},"12":{"start":{"line":31,"column":2},"end":{"line":39,"column":4}},"13":{"start":{"line":35,"column":6},"end":{"line":37,"column":9}},"14":{"start":{"line":46,"column":2},"end":{"line":46,"column":16}}},"fnMap":{"0":{"name":"(anonymous_0)","decl":{"start":{"line":8,"column":17},"end":{"line":8,"column":18}},"loc":{"start":{"line":8,"column":29},"end":{"line":47,"column":1}},"line":8},"1":{"name":"(anonymous_1)","decl":{"start":{"line":15,"column":4},"end":{"line":15,"column":5}},"loc":{"start":{"line":15,"column":30},"end":{"line":28,"column":5}},"line":15},"2":{"name":"(anonymous_2)","decl":{"start":{"line":34,"column":4},"end":{"line":34,"column":5}},"loc":{"start":{"line":34,"column":18},"end":{"line":38,"column":5}},"line":34}},"branchMap":{},"s":{"0":2,"1":2,"2":2,"3":2,"4":2,"5":2,"6":0,"7":0,"8":0,"9":0,"10":0,"11":0,"12":0,"13":0,"14":0},"f":{"0":0,"1":0,"2":0},"b":{},"_coverageSchema":"1a1c01bbd47fc00a2c39e90264f33305004495a9","hash":"62e00365cbe1c7c632524b2433d3f346819fc42b"}
,"/Volumes/external ssd/Project_Files/evening_glory_partners/app/backend/server/services/MessageService.js": {"path":"/Volumes/external ssd/Project_Files/evening_glory_partners/app/backend/server/services/MessageService.js","statementMap":{"0":{"start":{"line":1,"column":21},"end":{"line":1,"column":54}},"1":{"start":{"line":6,"column":24},"end":{"line":6,"column":42}},"2":{"start":{"line":7,"column":8},"end":{"line":7,"column":36}},"3":{"start":{"line":8,"column":8},"end":{"line":8,"column":40}},"4":{"start":{"line":9,"column":8},"end":{"line":9,"column":37}},"5":{"start":{"line":11,"column":21},"end":{"line":11,"column":41}},"6":{"start":{"line":12,"column":4},"end":{"line":12,"column":20}},"7":{"start":{"line":18,"column":23},"end":{"line":18,"column":96}},"8":{"start":{"line":20,"column":8},"end":{"line":20,"column":24}},"9":{"start":{"line":32,"column":0},"end":{"line":32,"column":32}}},"fnMap":{"0":{"name":"(anonymous_0)","decl":{"start":{"line":5,"column":4},"end":{"line":5,"column":5}},"loc":{"start":{"line":5,"column":62},"end":{"line":13,"column":5}},"line":5},"1":{"name":"(anonymous_1)","decl":{"start":{"line":15,"column":4},"end":{"line":15,"column":5}},"loc":{"start":{"line":15,"column":36},"end":{"line":22,"column":5}},"line":15}},"branchMap":{},"s":{"0":2,"1":0,"2":0,"3":0,"4":0,"5":0,"6":0,"7":0,"8":0,"9":2},"f":{"0":0,"1":0},"b":{},"_coverageSchema":"1a1c01bbd47fc00a2c39e90264f33305004495a9","hash":"b0fd9b23e6ac0d95b6d532ccd69d2418316c7835"}
[...]
e":313,"column":28}},"142":{"start":{"line":314,"column":6},"end":{"line":314,"column":34}},"143":{"start":{"line":316,"column":6},"end":{"line":316,"column":28}},"144":{"start":{"line":317,"column":6},"end":{"line":317,"column":33}},"145":{"start":{"line":323,"column":4},"end":{"line":323,"column":31}},"146":{"start":{"line":324,"column":4},"end":{"line":324,"column":16}},"147":{"start":{"line":325,"column":4},"end":{"line":325,"column":24}},"148":{"start":{"line":326,"column":4},"end":{"line":326,"column":22}},"149":{"start":{"line":327,"column":4},"end":{"line":327,"column":16}},"150":{"start":{"line":332,"column":17},"end":{"line":332,"column":49}},"151":{"start":{"line":333,"column":20},"end":{"line":333,"column":55}},"152":{"start":{"line":334,"column":4},"end":{"line":336,"column":5}},"153":{"start":{"line":335,"column":6},"end":{"line":335,"column":40}},"154":{"start":{"line":337,"column":4},"end":{"line":339,"column":5}},"155":{"start":{"line":338,"column":6},"end":{"line":338,"column":43}},"156":{"start":{"line":343,"column":21},"end":{"line":343,"column":23}},"157":{"start":{"line":344,"column":11},"end":{"line":344,"column":13}},"158":{"start":{"line":345,"column":4},"end":{"line":361,"column":5}},"159":{"start":{"line":346,"column":6},"end":{"line":346,"column":29}},"160":{"start":{"line":347,"column":6},"end":{"line":347,"column":35}},"161":{"start":{"line":348,"column":6},"end":{"line":348,"column":30}},"162":{"start":{"line":354,"column":25},"end":{"line":354,"column":43}},"163":{"start":{"line":356,"column":6},"end":{"line":356,"column":29}},"164":{"start":{"line":357,"column":6},"end":{"line":357,"column":36}},"165":{"start":{"line":359,"column":6},"end":{"line":359,"column":29}},"166":{"start":{"line":360,"column":6},"end":{"line":360,"column":35}},"167":{"start":{"line":364,"column":32},"end":{"line":364,"column":34}},"168":{"start":{"line":365,"column":22},"end":{"line":365,"column":40}},"169":{"start":{"line":366,"column":4},"end":{"line":366,"column":149}},"170":{"start":{"line":366,"column":49},"end":{"line":366,"column":96}},"171":{"start":{"line":366,"column":113},"end":{"line":366,"column":147}},"172":{"start":{"line":367,"column":4},"end":{"line":367,"column":41}},"173":{"start":{"line":370,"column":30},"end":{"line":370,"column":32}},"174":{"start":{"line":371,"column":20},"end":{"line":371,"column":37}},"175":{"start":{"line":372,"column":4},"end":{"line":372,"column":144}},"176":{"start":{"line":372,"column":48},"end":{"line":372,"column":94}},"177":{"start":{"line":372,"column":110},"end":{"line":372,"column":142}},"178":{"start":{"line":373,"column":4},"end":{"line":373,"column":39}},"179":{"start":{"line":376,"column":4},"end":{"line":376,"column":33}},"180":{"start":{"line":377,"column":4},"end":{"line":377,"column":16}},"181":{"start":{"line":378,"column":4},"end":{"line":378,"column":24}},"182":{"start":{"line":379,"column":4},"end":{"line":379,"column":22}},"183":{"start":{"line":382,"column":36},"end":{"line":382,"column":38}},"184":{"start":{"line":383,"column":28},"end":{"line":383,"column":49}},"185":{"start":{"line":384,"column":4},"end":{"line":384,"column":142}},"186":{"start":{"line":384,"column":40},"end":{"line":384,"column":84}},"187":{"start":{"line":384,"column":101},"end":{"line":384,"column":140}},"188":{"start":{"line":385,"column":4},"end":{"line":385,"column":49}},"189":{"start":{"line":388,"column":35},"end":{"line":388,"column":37}},"190":{"start":{"line":389,"column":27},"end":{"line":389,"column":47}},"191":{"start":{"line":390,"column":4},"end":{"line":390,"column":136}},"192":{"start":{"line":390,"column":38},"end":{"line":390,"column":81}},"193":{"start":{"line":390,"column":97},"end":{"line":390,"column":134}},"194":{"start":{"line":391,"column":4},"end":{"line":391,"column":47}},"195":{"start":{"line":392,"column":4},"end":{"line":392,"column":19}},"196":{"start":{"line":393,"column":4},"end":{"line":393,"column":16}},"197":{"start":{"line":403,"column":17},"end":{"line":403,"column":49}},"198":{"start":{"line":405,"column":4},"end":{"line":407,"column":5}},"199":{"start":{"line":406,"column":6},"end":{"line":406,"column":40}},"200":{"start":{"line":409,"column":27},"end":{"line":409,"column":29}},"201":{"start":{"line":412,"column":4},"end":{"line":419,"column":6}},"202":{"start":{"line":414,"column":6},"end":{"line":414,"column":62}},"203":{"start":{"line":418,"column":0},"end":{"line":418,"column":29}},"204":{"start":{"line":421,"column":0},"end":{"line":421,"column":29}},"205":{"start":{"line":422,"column":4},"end":{"line":422,"column":36}},"206":{"start":{"line":424,"column":4},"end":{"line":424,"column":23}},"207":{"start":{"line":430,"column":15},"end":{"line":430,"column":47}},"208":{"start":{"line":431,"column":3},"end":{"line":431,"column":24}},"209":{"start":{"line":432,"column":4},"end":{"line":432,"column":22}},"210":{"start":{"line":442,"column":4},"end":{"line":442,"column":41}},"211":{"start":{"line":446,"column":4},"end":{"line":448,"column":14}},"212":{"start":{"line":457,"column":4},"end":{"line":457,"column":54}},"213":{"start":{"line":466,"column":4},"end":{"line":468,"column":14}},"214":{"start":{"line":477,"column":4},"end":{"line":479,"column":14}},"215":{"start":{"line":488,"column":4},"end":{"line":488,"column":43}},"216":{"start":{"line":492,"column":17},"end":{"line":492,"column":56}},"217":{"start":{"line":493,"column":4},"end":{"line":493,"column":47}},"218":{"start":{"line":494,"column":4},"end":{"line":494,"column":23}},"219":{"start":{"line":499,"column":17},"end":{"line":499,"column":61}},"220":{"start":{"line":501,"column":2},"end":{"line":501,"column":26}},"221":{"start":{"line":502,"column":2},"end":{"line":502,"column":29}},"222":{"start":{"line":504,"column":4},"end":{"line":504,"column":23}},"223":{"start":{"line":509,"column":0},"end":{"line":509,"column":29}}},"fnMap":{"0":{"name":"(anonymous_0)","decl":{"start":{"line":17,"column":2},"end":{"line":17,"column":3}},"loc":{"start":{"line":17,"column":34},"end":{"line":20,"column":3}},"line":17},"1":{"name":"(anonymous_1)","decl":{"start":{"line":28,"column":2},"end":{"line":28,"column":3}},"loc":{"start":{"line":28,"column":40},"end":{"line":31,"column":3}},"line":28},"2":{"name":"(anonymous_2)","decl":{"start":{"line":41,"column":2},"end":{"line":41,"column":3}},"loc":{"start":{"line":50,"column":4},"end":{"line":64,"column":3}},"line":50},"3":{"name":"(anonymous_3)","decl":{"start":{"line":66,"column":2},"end":{"line":66,"column":3}},"loc":{"start":{"line":66,"column":63},"end":{"line":74,"column":3}},"line":66},"4":{"name":"(anonymous_4)","decl":{"start":{"line":82,"column":2},"end":{"line":82,"column":3}},"loc":{"start":{"line":82,"column":48},"end":{"line":88,"column":3}},"line":82},"5":{"name":"(anonymous_5)","decl":{"start":{"line":96,"column":2},"end":{"line":96,"column":3}},"loc":{"start":{"line":96,"column":55},"end":{"line":102,"column":3}},"line":96},"6":{"name":"(anonymous_6)","decl":{"start":{"line":109,"column":2},"end":{"line":109,"column":3}},"loc":{"start":{"line":109,"column":47},"end":{"line":114,"column":3}},"line":109},"7":{"name":"(anonymous_7)","decl":{"start":{"line":121,"column":2},"end":{"line":121,"column":3}},"loc":{"start":{"line":121,"column":48},"end":{"line":129,"column":3}},"line":121},"8":{"name":"(anonymous_8)","decl":{"start":{"line":131,"column":2},"end":{"line":131,"column":3}},"loc":{"start":{"line":131,"column":35},"end":{"line":152,"column":3}},"line":131},"9":{"name":"(anonymous_9)","decl":{"start":{"line":154,"column":2},"end":{"line":154,"column":3}},"loc":{"start":{"line":154,"column":34},"end":{"line":176,"column":3}},"line":154},"10":{"name":"(anonymous_10)","decl":{"start":{"line":179,"column":2},"end":{"line":179,"column":3}},"loc":{"start":{"line":179,"column":35},"end":{"line":201,"column":3}},"line":179},"11":{"name":"(anonymous_11)","decl":{"start":{"line":202,"column":2},"end":{"line":202,"column":3}},"loc":{"start":{"line":202,"column":45},"end":{"line":246,"column":3}},"line":202},"12":{"name":"(anonymous_12)","decl":{"start":{"line":248,"column":2},"end":{"line":248,"column":3}},"loc":{"start":{"line":248,"column":48},"end":{"line":272,"column":3}},"line":248},"13":{"name":"(anonymous_13)","decl":{"start":{"line":260,"column":33},"end":{"line":260,"column":34}},"loc":{"start":{"line":260,"column":45},"end":{"line":260,"column":89}},"line":260},"14":{"name":"(anonymous_14)","decl":{"start":{"line":260,"column":95},"end":{"line":260,"column":96}},"loc":{"start":{"line":260,"column":106},"end":{"line":260,"column":149}},"line":260},"15":{"name":"(anonymous_15)","decl":{"start":{"line":267,"column":24},"end":{"line":267,"column":25}},"loc":{"start":{"line":267,"column":36},"end":{"line":267,"column":83}},"line":267},"16":{"name":"(anonymous_16)","decl":{"start":{"line":267,"column":89},"end":{"line":267,"column":90}},"loc":{"start":{"line":267,"column":100},"end":{"line":267,"column":134}},"line":267},"17":{"name":"(anonymous_17)","decl":{"start":{"line":274,"column":2},"end":{"line":274,"column":3}},"loc":{"start":{"line":274,"column":43},"end":{"line":328,"column":3}},"line":274},"18":{"name":"(anonymous_18)","decl":{"start":{"line":288,"column":39},"end":{"line":288,"column":40}},"loc":{"start":{"line":288,"column":51},"end":{"line":288,"column":75}},"line":288},"19":{"name":"(anonymous_19)","decl":{"start":{"line":289,"column":9},"end":{"line":289,"column":10}},"loc":{"start":{"line":289,"column":21},"end":{"line":289,"column":47}},"line":289},"20":{"name":"(anonymous_20)","decl":{"start":{"line":294,"column":39},"end":{"line":294,"column":40}},"loc":{"start":{"line":294,"column":51},"end":{"line":294,"column":75}},"line":294},"21":{"name":"(anonymous_21)","decl":{"start":{"line":295,"column":9},"end":{"line":295,"column":10}},"loc":{"start":{"line":295,"column":20},"end":{"line":295,"column":46}},"line":295},"22":{"name":"(anonymous_22)","decl":{"start":{"line":330,"column":2},"end":{"line":330,"column":3}},"loc":{"start":{"line":330,"column":45},"end":{"line":394,"column":3}},"line":330},"23":{"name":"(anonymous_23)","decl":{"start":{"line":366,"column":37},"end":{"line":366,"column":38}},"loc":{"start":{"line":366,"column":49},"end":{"line":366,"column":96}},"line":366},"24":{"name":"(anonymous_24)","decl":{"start":{"line":366,"column":102},"end":{"line":366,"column":103}},"loc":{"start":{"line":366,"column":113},"end":{"line":366,"column":147}},"line":366},"25":{"name":"(anonymous_25)","decl":{"start":{"line":372,"column":37},"end":{"line":372,"column":38}},"loc":{"start":{"line":372,"column":48},"end":{"line":372,"column":94}},"line":372},"26":{"name":"(anonymous_26)","decl":{"start":{"line":372,"column":100},"end":{"line":372,"column":101}},"loc":{"start":{"line":372,"column":110},"end":{"line":372,"column":142}},"line":372},"27":{"name":"(anonymous_27)","decl":{"start":{"line":384,"column":29},"end":{"line":384,"column":30}},"loc":{"start":{"line":384,"column":40},"end":{"line":384,"column":84}},"line":384},"28":{"name":"(anonymous_28)","decl":{"start":{"line":384,"column":90},"end":{"line":384,"column":91}},"loc":{"start":{"line":384,"column":101},"end":{"line":384,"column":140}},"line":384},"29":{"name":"(anonymous_29)","decl":{"start":{"line":390,"column":28},"end":{"line":390,"column":29}},"loc":{"start":{"line":390,"column":38},"end":{"line":390,"column":81}},"line":390},"30":{"name":"(anonymous_30)","decl":{"start":{"line":390,"column":87},"end":{"line":390,"column":88}},"loc":{"start":{"line":390,"column":97},"end":{"line":390,"column":134}},"line":390},"31":{"name":"(anonymous_31)","decl":{"start":{"line":401,"column":2},"end":{"line":401,"column":3}},"loc":{"start":{"line":401,"column":46},"end":{"line":427,"column":3}},"line":401},"32":{"name":"(anonymous_32)","decl":{"start":{"line":412,"column":24},"end":{"line":412,"column":25}},"loc":{"start":{"line":413,"column":4},"end":{"line":416,"column":5}},"line":413},"33":{"name":"(anonymous_33)","decl":{"start":{"line":416,"column":11},"end":{"line":416,"column":12}},"loc":{"start":{"line":416,"column":25},"end":{"line":419,"column":5}},"line":416},"34":{"name":"(anonymous_34)","decl":{"start":{"line":429,"column":2},"end":{"line":429,"column":3}},"loc":{"start":{"line":429,"column":34},"end":{"line":433,"column":3}},"line":429},"35":{"name":"(anonymous_35)","decl":{"start":{"line":441,"column":2},"end":{"line":441,"column":3}},"loc":{"start":{"line":441,"column":28},"end":{"line":443,"column":3}},"line":441},"36":{"name":"(anonymous_36)","decl":{"start":{"line":445,"column":2},"end":{"line":445,"column":3}},"loc":{"start":{"line":445,"column":55},"end":{"line":449,"column":3}},"line":445},"37":{"name":"(anonymous_37)","decl":{"start":{"line":456,"column":2},"end":{"line":456,"column":3}},"loc":{"start":{"line":456,"column":37},"end":{"line":458,"column":3}},"line":456},"38":{"name":"(anonymous_38)","decl":{"start":{"line":465,"column":2},"end":{"line":465,"column":3}},"loc":{"start":{"line":465,"column":25},"end":{"line":469,"column":3}},"line":465},"39":{"name":"(anonymous_39)","decl":{"start":{"line":476,"column":2},"end":{"line":476,"column":3}},"loc":{"start":{"line":476,"column":35},"end":{"line":480,"column":3}},"line":476},"40":{"name":"(anonymous_40)","decl":{"start":{"line":487,"column":2},"end":{"line":487,"column":3}},"loc":{"start":{"line":487,"column":30},"end":{"line":489,"column":3}},"line":487},"41":{"name":"(anonymous_41)","decl":{"start":{"line":491,"column":2},"end":{"line":491,"column":3}},"loc":{"start":{"line":491,"column":63},"end":{"line":496,"column":3}},"line":491},"42":{"name":"(anonymous_42)","decl":{"start":{"line":498,"column":2},"end":{"line":498,"column":3}},"loc":{"start":{"line":498,"column":57},"end":{"line":506,"column":3}},"line":498}},"branchMap":{"0":{"loc":{"start":{"line":124,"column":4},"end":{"line":126,"column":5}},"type":"if","locations":[{"start":{"line":124,"column":4},"end":{"line":126,"column":5}},{"start":{},"end":{}}],"line":124},"1":{"loc":{"start":{"line":138,"column":4},"end":{"line":140,"column":5}},"type":"if","locations":[{"start":{"line":138,"column":4},"end":{"line":140,"column":5}},{"start":{},"end":{}}],"line":138},"2":{"loc":{"start":{"line":161,"column":4},"end":{"line":163,"column":5}},"type":"if","locations":[{"start":{"line":161,"column":4},"end":{"line":163,"column":5}},{"start":{},"end":{}}],"line":161},"3":{"loc":{"start":{"line":186,"column":4},"end":{"line":188,"column":5}},"type":"if","locations":[{"start":{"line":186,"column":4},"end":{"line":188,"column":5}},{"start":{},"end":{}}],"line":186},"4":{"loc":{"start":{"line":206,"column":4},"end":{"line":208,"column":5}},"type":"if","locations":[{"start":{"line":206,"column":4},"end":{"line":208,"column":5}},{"start":{},"end":{}}],"line":206},"5":{"loc":{"start":{"line":209,"column":4},"end":{"line":211,"column":5}},"type":"if","locations":[{"start":{"line":209,"column":4},"end":{"line":211,"column":5}},{"start":{},"end":{}}],"line":209},"6":{"loc":{"start":{"line":224,"column":4},"end":{"line":237,"column":5}},"type":"if","locations":[{"start":{"line":224,"column":4},"end":{"line":237,"column":5}},{"start":{"line":229,"column":8},"end":{"line":237,"column":5}}],"line":224},"7":{"loc":{"start":{"line":224,"column":7},"end":{"line":224,"column":84}},"type":"binary-expr","locations":[{"start":{"line":224,"column":7},"end":{"line":224,"column":45}},{"start":{"line":224,"column":49},"end":{"line":224,"column":84}}],"line":224},"8":{"loc":{"start":{"line":252,"column":4},"end":{"line":254,"column":5}},"type":"if","locations":[{"start":{"line":252,"column":4},"end":{"line":254,"column":5}},{"start":{},"end":{}}],"line":252},"9":{"loc":{"start":{"line":278,"column":4},"end":{"line":280,"column":5}},"type":"if","locations":[{"start":{"line":278,"column":4},"end":{"line":280,"column":5}},{"start":{},"end":{}}],"line":278},"10":{"loc":{"start":{"line":281,"column":4},"end":{"line":283,"column":5}},"type":"if","locations":[{"start":{"line":281,"column":4},"end":{"line":283,"column":5}},{"start":{},"end":{}}],"line":281},"11":{"loc":{"start":{"line":302,"column":4},"end":{"line":318,"column":5}},"type":"if","locations":[{"start":{"line":302,"column":4},"end":{"line":318,"column":5}},{"start":{"line":308,"column":8},"end":{"line":318,"column":5}}],"line":302},"12":{"loc":{"start":{"line":302,"column":7},"end":{"line":302,"column":60}},"type":"binary-expr","locations":[{"start":{"line":302,"column":7},"end":{"line":302,"column":33}},{"start":{"line":302,"column":37},"end":{"line":302,"column":60}}],"line":302},"13":{"loc":{"start":{"line":334,"column":4},"end":{"line":336,"column":5}},"type":"if","locations":[{"start":{"line":334,"column":4},"end":{"line":336,"column":5}},{"start":{},"end":{}}],"line":334},"14":{"loc":{"start":{"line":337,"column":4},"end":{"line":339,"column":5}},"type":"if","locations":[{"start":{"line":337,"column":4},"end":{"line":339,"column":5}},{"start":{},"end":{}}],"line":337},"15":{"loc":{"start":{"line":345,"column":4},"end":{"line":361,"column":5}},"type":"if","locations":[{"start":{"line":345,"column":4},"end":{"line":361,"column":5}},{"start":{"line":351,"column":8},"end":{"line":361,"column":5}}],"line":345},"16":{"loc":{"start":{"line":345,"column":7},"end":{"line":345,"column":62}},"type":"binary-expr","locations":[{"start":{"line":345,"column":7},"end":{"line":345,"column":34}},{"start":{"line":345,"column":38},"end":{"line":345,"column":62}}],"line":345},"17":{"loc":{"start":{"line":405,"column":4},"end":{"line":407,"column":5}},"type":"if","locations":[{"start":{"line":405,"column":4},"end":{"line":407,"column":5}},{"start":{},"end":{}}],"line":405}},"s":{"0":2,"1":2,"2":2,"3":2,"4":0,"5":0,"6":0,"7":0,"8":0,"9":0,"10":0,"11":0,"12":0,"13":0,"14":0,"15":0,"16":0,"17":0,"18":0,"19":0,"20":0,"21":0,"22":0,"23":0,"24":0,"25":0,"26":0,"27":0,"28":0,"29":0,"30":0,"31":0,"32":0,"33":0,"34":0,"35":0,"36":0,"37":0,"38":0,"39":0,"40":0,"41":0,"42":0,"43":0,"44":0,"45":0,"46":0,"47":0,"48":0,"49":0,"50":0,"51":0,"52":0,"53":0,"54":0,"55":0,"56":0,"57":0,"58":0,"59":0,"60":0,"61":0,"62":0,"63":0,"64":0,"65":0,"66":0,"67":0,"68":0,"69":0,"70":0,"71":0,"72":0,"73":0,"74":0,"75":0,"76":0,"77":0,"78":0,"79":0,"80":0,"81":0,"82":0,"83":0,"84":0,"85":0,"86":0,"87":0,"88":0,"89":0,"90":0,"91":0,"92":0,"93":0,"94":0,"95":0,"96":0,"97":0,"98":0,"99":0,"100":0,"101":0,"102":0,"103":0,"104":0,"105":0,"106":0,"107":0,"108":0,"109":0,"110":0,"111":0,"112":0,"113":0,"114":0,"115":0,"116":0,"117":0,"118":0,"119":0,"120":0,"121":0,"122":0,"123":0,"124":0,"125":0,"126":0,"127":0,"128":0,"129":0,"130":0,"131":0,"132":0,"133":0,"134":0,"135":0,"136":0,"137":0,"138":0,"139":0,"140":0,"141":0,"142":0,"143":0,"144":0,"145":0,"146":0,"147":0,"148":0,"149":0,"150":0,"151":0,"152":0,"153":0,"154":0,"155":0,"156":0,"157":0,"158":0,"159":0,"160":0,"161":0,"162":0,"163":0,"164":0,"165":0,"166":0,"167":0,"168":0,"169":0,"170":0,"171":0,"172":0,"173":0,"174":0,"175":0,"176":0,"177":0,"178":0,"179":0,"180":0,"181":0,"182":0,"183":0,"184":0,"185":0,"186":0,"187":0,"188":0,"189":0,"190":0,"191":0,"192":0,"193":0,"194":0,"195":0,"196":0,"197":0,"198":0,"199":0,"200":0,"201":0,"202":0,"203":0,"204":0,"205":0,"206":0,"207":0,"208":0,"209":0,"210":0,"211":0,"212":0,"213":0,"214":0,"215":0,"216":0,"217":0,"218":0,"219":0,"220":0,"221":0,"222":0,"223":2},"f":{"0":0,"1":0,"2":0,"3":0,"4":0,"5":0,"6":0,"7":0,"8":0,"9":0,"10":0,"11":0,"12":0,"13":0,"14":0,"15":0,"16":0,"17":0,"18":0,"19":0,"20":0,"21":0,"22":0,"23":0,"24":0,"25":0,"26":0,"27":0,"28":0,"29":0,"30":0,"31":0,"32":0,"33":0,"34":0,"35":0,"36":0,"37":0,"38":0,"39":0,"40":0,"41":0,"42":0},"b":{"0":[0,0],"1":[0,0],"2":[0,0],"3":[0,0],"4":[0,0],"5":[0,0],"6":[0,0],"7":[0,0],"8":[0,0],"9":[0,0],"10":[0,0],"11":[0,0],"12":[0,0],"13":[0,0],"14":[0,0],"15":[0,0],"16":[0,0],"17":[0,0]},"_coverageSchema":"1a1c01bbd47fc00a2c39e90264f33305004495a9","hash":"3e93fdb475f64863c9c59e41c8035279c384ff61"}
}
